Epoch 1/75
35/35 - 0s - loss: 0.2939 - mse: 0.2939 - val_loss: 0.1640 - val_mse: 0.1640
Epoch 2/75
35/35 - 0s - loss: 0.1208 - mse: 0.1208 - val_loss: 0.0942 - val_mse: 0.0942
Epoch 3/75
35/35 - 0s - loss: 0.0735 - mse: 0.0735 - val_loss: 0.0665 - val_mse: 0.0665
Epoch 4/75
35/35 - 0s - loss: 0.0510 - mse: 0.0510 - val_loss: 0.0519 - val_mse: 0.0519
Epoch 5/75
35/35 - 0s - loss: 0.0382 - mse: 0.0382 - val_loss: 0.0435 - val_mse: 0.0435
Epoch 6/75
35/35 - 0s - loss: 0.0308 - mse: 0.0308 - val_loss: 0.0381 - val_mse: 0.0381
Epoch 7/75
35/35 - 0s - loss: 0.0261 - mse: 0.0261 - val_loss: 0.0342 - val_mse: 0.0342
Epoch 8/75
35/35 - 0s - loss: 0.0228 - mse: 0.0228 - val_loss: 0.0308 - val_mse: 0.0308
Epoch 9/75
35/35 - 0s - loss: 0.0204 - mse: 0.0204 - val_loss: 0.0289 - val_mse: 0.0289
Epoch 10/75
35/35 - 0s - loss: 0.0186 - mse: 0.0186 - val_loss: 0.0270 - val_mse: 0.0270
Epoch 11/75
35/35 - 0s - loss: 0.0173 - mse: 0.0173 - val_loss: 0.0254 - val_mse: 0.0254
Epoch 12/75
35/35 - 0s - loss: 0.0161 - mse: 0.0161 - val_loss: 0.0243 - val_mse: 0.0243
Epoch 13/75
35/35 - 0s - loss: 0.0152 - mse: 0.0152 - val_loss: 0.0233 - val_mse: 0.0233
Epoch 14/75
35/35 - 0s - loss: 0.0143 - mse: 0.0143 - val_loss: 0.0221 - val_mse: 0.0221
Epoch 15/75
35/35 - 0s - loss: 0.0136 - mse: 0.0136 - val_loss: 0.0213 - val_mse: 0.0213
Epoch 16/75
35/35 - 0s - loss: 0.0130 - mse: 0.0130 - val_loss: 0.0205 - val_mse: 0.0205
Epoch 17/75
35/35 - 0s - loss: 0.0124 - mse: 0.0124 - val_loss: 0.0199 - val_mse: 0.0199
Epoch 18/75
35/35 - 0s - loss: 0.0119 - mse: 0.0119 - val_loss: 0.0191 - val_mse: 0.0191
Epoch 19/75
35/35 - 0s - loss: 0.0115 - mse: 0.0115 - val_loss: 0.0185 - val_mse: 0.0185
Epoch 20/75
35/35 - 0s - loss: 0.0111 - mse: 0.0111 - val_loss: 0.0181 - val_mse: 0.0181
Epoch 21/75
35/35 - 0s - loss: 0.0107 - mse: 0.0107 - val_loss: 0.0172 - val_mse: 0.0172
Epoch 22/75
35/35 - 0s - loss: 0.0104 - mse: 0.0104 - val_loss: 0.0168 - val_mse: 0.0168
Epoch 23/75
35/35 - 0s - loss: 0.0101 - mse: 0.0101 - val_loss: 0.0163 - val_mse: 0.0163
Epoch 24/75
35/35 - 0s - loss: 0.0098 - mse: 0.0098 - val_loss: 0.0161 - val_mse: 0.0161
Epoch 25/75
35/35 - 0s - loss: 0.0095 - mse: 0.0095 - val_loss: 0.0156 - val_mse: 0.0156
Epoch 26/75
35/35 - 0s - loss: 0.0093 - mse: 0.0093 - val_loss: 0.0150 - val_mse: 0.0150
Epoch 27/75
35/35 - 0s - loss: 0.0091 - mse: 0.0091 - val_loss: 0.0150 - val_mse: 0.0150
Epoch 28/75
35/35 - 0s - loss: 0.0089 - mse: 0.0089 - val_loss: 0.0144 - val_mse: 0.0144
Epoch 29/75
35/35 - 0s - loss: 0.0087 - mse: 0.0087 - val_loss: 0.0144 - val_mse: 0.0144
Epoch 30/75
35/35 - 0s - loss: 0.0085 - mse: 0.0085 - val_loss: 0.0141 - val_mse: 0.0141
Epoch 31/75
35/35 - 0s - loss: 0.0084 - mse: 0.0084 - val_loss: 0.0138 - val_mse: 0.0138
Epoch 32/75
35/35 - 0s - loss: 0.0082 - mse: 0.0082 - val_loss: 0.0136 - val_mse: 0.0136
Epoch 33/75
35/35 - 0s - loss: 0.0081 - mse: 0.0081 - val_loss: 0.0134 - val_mse: 0.0134
Epoch 34/75
35/35 - 0s - loss: 0.0079 - mse: 0.0079 - val_loss: 0.0132 - val_mse: 0.0132
Epoch 35/75
35/35 - 0s - loss: 0.0078 - mse: 0.0078 - val_loss: 0.0128 - val_mse: 0.0128
Epoch 36/75
35/35 - 0s - loss: 0.0077 - mse: 0.0077 - val_loss: 0.0127 - val_mse: 0.0127
Epoch 37/75
35/35 - 0s - loss: 0.0076 - mse: 0.0076 - val_loss: 0.0124 - val_mse: 0.0124
Epoch 38/75
35/35 - 0s - loss: 0.0074 - mse: 0.0074 - val_loss: 0.0122 - val_mse: 0.0122
Epoch 39/75
35/35 - 0s - loss: 0.0073 - mse: 0.0073 - val_loss: 0.0121 - val_mse: 0.0121
Epoch 40/75
35/35 - 0s - loss: 0.0072 - mse: 0.0072 - val_loss: 0.0122 - val_mse: 0.0122
Epoch 41/75
35/35 - 0s - loss: 0.0072 - mse: 0.0072 - val_loss: 0.0120 - val_mse: 0.0120
Epoch 42/75
35/35 - 0s - loss: 0.0071 - mse: 0.0071 - val_loss: 0.0118 - val_mse: 0.0118
Epoch 43/75
35/35 - 0s - loss: 0.0070 - mse: 0.0070 - val_loss: 0.0117 - val_mse: 0.0117
Epoch 44/75
35/35 - 0s - loss: 0.0069 - mse: 0.0069 - val_loss: 0.0115 - val_mse: 0.0115
Epoch 45/75
35/35 - 0s - loss: 0.0068 - mse: 0.0068 - val_loss: 0.0116 - val_mse: 0.0116
Epoch 46/75
35/35 - 0s - loss: 0.0067 - mse: 0.0067 - val_loss: 0.0113 - val_mse: 0.0113
Epoch 47/75
35/35 - 0s - loss: 0.0066 - mse: 0.0066 - val_loss: 0.0113 - val_mse: 0.0113
Epoch 48/75
35/35 - 0s - loss: 0.0066 - mse: 0.0066 - val_loss: 0.0112 - val_mse: 0.0112
Epoch 49/75
35/35 - 0s - loss: 0.0065 - mse: 0.0065 - val_loss: 0.0110 - val_mse: 0.0110
Epoch 50/75
35/35 - 0s - loss: 0.0064 - mse: 0.0064 - val_loss: 0.0109 - val_mse: 0.0109
Epoch 51/75
35/35 - 0s - loss: 0.0064 - mse: 0.0064 - val_loss: 0.0107 - val_mse: 0.0107
Epoch 52/75
35/35 - 0s - loss: 0.0063 - mse: 0.0063 - val_loss: 0.0106 - val_mse: 0.0106
Epoch 53/75
35/35 - 0s - loss: 0.0063 - mse: 0.0063 - val_loss: 0.0107 - val_mse: 0.0107
Epoch 54/75
35/35 - 0s - loss: 0.0062 - mse: 0.0062 - val_loss: 0.0105 - val_mse: 0.0105
Epoch 55/75
35/35 - 0s - loss: 0.0062 - mse: 0.0062 - val_loss: 0.0103 - val_mse: 0.0103
Epoch 56/75
35/35 - 0s - loss: 0.0061 - mse: 0.0061 - val_loss: 0.0102 - val_mse: 0.0102
Epoch 57/75
35/35 - 0s - loss: 0.0061 - mse: 0.0061 - val_loss: 0.0102 - val_mse: 0.0102
Epoch 58/75
35/35 - 0s - loss: 0.0060 - mse: 0.0060 - val_loss: 0.0101 - val_mse: 0.0101
Epoch 59/75
35/35 - 0s - loss: 0.0060 - mse: 0.0060 - val_loss: 0.0101 - val_mse: 0.0101
Epoch 60/75
35/35 - 0s - loss: 0.0059 - mse: 0.0059 - val_loss: 0.0100 - val_mse: 0.0100
Epoch 61/75
35/35 - 0s - loss: 0.0059 - mse: 0.0059 - val_loss: 0.0100 - val_mse: 0.0100
Epoch 62/75
35/35 - 0s - loss: 0.0058 - mse: 0.0058 - val_loss: 0.0099 - val_mse: 0.0099
Epoch 63/75
35/35 - 0s - loss: 0.0058 - mse: 0.0058 - val_loss: 0.0098 - val_mse: 0.0098
Epoch 64/75
35/35 - 0s - loss: 0.0057 - mse: 0.0057 - val_loss: 0.0097 - val_mse: 0.0097
Epoch 65/75
35/35 - 0s - loss: 0.0057 - mse: 0.0057 - val_loss: 0.0096 - val_mse: 0.0096
Epoch 66/75
35/35 - 0s - loss: 0.0057 - mse: 0.0057 - val_loss: 0.0096 - val_mse: 0.0096
Epoch 67/75
35/35 - 0s - loss: 0.0056 - mse: 0.0056 - val_loss: 0.0096 - val_mse: 0.0096
Epoch 68/75
35/35 - 0s - loss: 0.0056 - mse: 0.0056 - val_loss: 0.0096 - val_mse: 0.0096
Epoch 69/75
35/35 - 0s - loss: 0.0056 - mse: 0.0056 - val_loss: 0.0094 - val_mse: 0.0094
Epoch 70/75
35/35 - 0s - loss: 0.0055 - mse: 0.0055 - val_loss: 0.0095 - val_mse: 0.0095
Epoch 71/75
35/35 - 0s - loss: 0.0055 - mse: 0.0055 - val_loss: 0.0095 - val_mse: 0.0095
Epoch 72/75
35/35 - 0s - loss: 0.0055 - mse: 0.0055 - val_loss: 0.0093 - val_mse: 0.0093
Epoch 73/75
35/35 - 0s - loss: 0.0054 - mse: 0.0054 - val_loss: 0.0095 - val_mse: 0.0095
Epoch 74/75
35/35 - 0s - loss: 0.0054 - mse: 0.0054 - val_loss: 0.0093 - val_mse: 0.0093
Epoch 75/75
35/35 - 0s - loss: 0.0054 - mse: 0.0054 - val_loss: 0.0092 - val_mse: 0.0092
...subset length 7...
...analysing 0th feature...
Epoch 1/75
35/35 - 0s - loss: 0.1685 - mse: 0.1685 - val_loss: 0.1536 - val_mse: 0.1536
Epoch 2/75
35/35 - 0s - loss: 0.1112 - mse: 0.1112 - val_loss: 0.1142 - val_mse: 0.1142
Epoch 3/75
35/35 - 0s - loss: 0.0825 - mse: 0.0825 - val_loss: 0.0912 - val_mse: 0.0912
Epoch 4/75
35/35 - 0s - loss: 0.0651 - mse: 0.0651 - val_loss: 0.0760 - val_mse: 0.0760
Epoch 5/75
35/35 - 0s - loss: 0.0532 - mse: 0.0532 - val_loss: 0.0650 - val_mse: 0.0650
Epoch 6/75
35/35 - 0s - loss: 0.0453 - mse: 0.0453 - val_loss: 0.0567 - val_mse: 0.0567
Epoch 7/75
35/35 - 0s - loss: 0.0398 - mse: 0.0398 - val_loss: 0.0505 - val_mse: 0.0505
Epoch 8/75
35/35 - 0s - loss: 0.0355 - mse: 0.0355 - val_loss: 0.0452 - val_mse: 0.0452
Epoch 9/75
35/35 - 0s - loss: 0.0320 - mse: 0.0320 - val_loss: 0.0413 - val_mse: 0.0413
Epoch 10/75
35/35 - 0s - loss: 0.0292 - mse: 0.0292 - val_loss: 0.0377 - val_mse: 0.0377
Epoch 11/75
35/35 - 0s - loss: 0.0269 - mse: 0.0269 - val_loss: 0.0347 - val_mse: 0.0347
Epoch 12/75
35/35 - 0s - loss: 0.0250 - mse: 0.0250 - val_loss: 0.0327 - val_mse: 0.0327
Epoch 13/75
35/35 - 0s - loss: 0.0235 - mse: 0.0235 - val_loss: 0.0304 - val_mse: 0.0304
Epoch 14/75
35/35 - 0s - loss: 0.0220 - mse: 0.0220 - val_loss: 0.0287 - val_mse: 0.0287
Epoch 15/75
35/35 - 0s - loss: 0.0207 - mse: 0.0207 - val_loss: 0.0270 - val_mse: 0.0270
Epoch 16/75
35/35 - 0s - loss: 0.0197 - mse: 0.0197 - val_loss: 0.0255 - val_mse: 0.0255
Epoch 17/75
35/35 - 0s - loss: 0.0187 - mse: 0.0187 - val_loss: 0.0241 - val_mse: 0.0241
Epoch 18/75
35/35 - 0s - loss: 0.0180 - mse: 0.0180 - val_loss: 0.0232 - val_mse: 0.0232
Epoch 19/75
35/35 - 0s - loss: 0.0171 - mse: 0.0171 - val_loss: 0.0223 - val_mse: 0.0223
Epoch 20/75
35/35 - 0s - loss: 0.0165 - mse: 0.0165 - val_loss: 0.0212 - val_mse: 0.0212
Epoch 21/75
35/35 - 0s - loss: 0.0159 - mse: 0.0159 - val_loss: 0.0202 - val_mse: 0.0202
Epoch 22/75
35/35 - 0s - loss: 0.0154 - mse: 0.0154 - val_loss: 0.0196 - val_mse: 0.0196
Epoch 23/75
35/35 - 0s - loss: 0.0148 - mse: 0.0148 - val_loss: 0.0189 - val_mse: 0.0189
Epoch 24/75
35/35 - 0s - loss: 0.0144 - mse: 0.0144 - val_loss: 0.0184 - val_mse: 0.0184
Epoch 25/75
35/35 - 0s - loss: 0.0140 - mse: 0.0140 - val_loss: 0.0179 - val_mse: 0.0179
Epoch 26/75
35/35 - 0s - loss: 0.0136 - mse: 0.0136 - val_loss: 0.0172 - val_mse: 0.0172
Epoch 27/75
35/35 - 0s - loss: 0.0132 - mse: 0.0132 - val_loss: 0.0167 - val_mse: 0.0167
Epoch 28/75
35/35 - 0s - loss: 0.0129 - mse: 0.0129 - val_loss: 0.0163 - val_mse: 0.0163
Epoch 29/75
35/35 - 0s - loss: 0.0125 - mse: 0.0125 - val_loss: 0.0162 - val_mse: 0.0162
Epoch 30/75
35/35 - 0s - loss: 0.0123 - mse: 0.0123 - val_loss: 0.0158 - val_mse: 0.0158
Epoch 31/75
35/35 - 0s - loss: 0.0121 - mse: 0.0121 - val_loss: 0.0153 - val_mse: 0.0153
Epoch 32/75
35/35 - 0s - loss: 0.0118 - mse: 0.0118 - val_loss: 0.0149 - val_mse: 0.0149
Epoch 33/75
35/35 - 0s - loss: 0.0115 - mse: 0.0115 - val_loss: 0.0147 - val_mse: 0.0147
Epoch 34/75
35/35 - 0s - loss: 0.0113 - mse: 0.0113 - val_loss: 0.0144 - val_mse: 0.0144
Epoch 35/75
35/35 - 0s - loss: 0.0111 - mse: 0.0111 - val_loss: 0.0141 - val_mse: 0.0141
Epoch 36/75
35/35 - 0s - loss: 0.0109 - mse: 0.0109 - val_loss: 0.0138 - val_mse: 0.0138
Epoch 37/75
35/35 - 0s - loss: 0.0107 - mse: 0.0107 - val_loss: 0.0135 - val_mse: 0.0135
Epoch 38/75
35/35 - 0s - loss: 0.0105 - mse: 0.0105 - val_loss: 0.0133 - val_mse: 0.0133
Epoch 39/75
35/35 - 0s - loss: 0.0104 - mse: 0.0104 - val_loss: 0.0131 - val_mse: 0.0131
Epoch 40/75
35/35 - 0s - loss: 0.0102 - mse: 0.0102 - val_loss: 0.0130 - val_mse: 0.0130
Epoch 41/75
35/35 - 0s - loss: 0.0100 - mse: 0.0100 - val_loss: 0.0126 - val_mse: 0.0126
Epoch 42/75
35/35 - 0s - loss: 0.0099 - mse: 0.0099 - val_loss: 0.0125 - val_mse: 0.0125
Epoch 43/75
35/35 - 0s - loss: 0.0098 - mse: 0.0098 - val_loss: 0.0123 - val_mse: 0.0123
Epoch 44/75
35/35 - 0s - loss: 0.0096 - mse: 0.0096 - val_loss: 0.0122 - val_mse: 0.0122
Epoch 45/75
35/35 - 0s - loss: 0.0095 - mse: 0.0095 - val_loss: 0.0121 - val_mse: 0.0121
Epoch 46/75
35/35 - 0s - loss: 0.0094 - mse: 0.0094 - val_loss: 0.0118 - val_mse: 0.0118
Epoch 47/75
35/35 - 0s - loss: 0.0092 - mse: 0.0092 - val_loss: 0.0117 - val_mse: 0.0117
Epoch 48/75
35/35 - 0s - loss: 0.0091 - mse: 0.0091 - val_loss: 0.0115 - val_mse: 0.0115
Epoch 49/75
35/35 - 0s - loss: 0.0090 - mse: 0.0090 - val_loss: 0.0114 - val_mse: 0.0114
Epoch 50/75
35/35 - 0s - loss: 0.0089 - mse: 0.0089 - val_loss: 0.0113 - val_mse: 0.0113
Epoch 51/75
35/35 - 0s - loss: 0.0088 - mse: 0.0088 - val_loss: 0.0112 - val_mse: 0.0112
Epoch 52/75
35/35 - 0s - loss: 0.0087 - mse: 0.0087 - val_loss: 0.0111 - val_mse: 0.0111
Epoch 53/75
35/35 - 0s - loss: 0.0086 - mse: 0.0086 - val_loss: 0.0109 - val_mse: 0.0109
Epoch 54/75
35/35 - 0s - loss: 0.0085 - mse: 0.0085 - val_loss: 0.0108 - val_mse: 0.0108
Epoch 55/75
35/35 - 0s - loss: 0.0084 - mse: 0.0084 - val_loss: 0.0108 - val_mse: 0.0108
Epoch 56/75
35/35 - 0s - loss: 0.0084 - mse: 0.0084 - val_loss: 0.0106 - val_mse: 0.0106
Epoch 57/75
35/35 - 0s - loss: 0.0083 - mse: 0.0083 - val_loss: 0.0105 - val_mse: 0.0105
Epoch 58/75
35/35 - 0s - loss: 0.0082 - mse: 0.0082 - val_loss: 0.0105 - val_mse: 0.0105
Epoch 59/75
35/35 - 0s - loss: 0.0081 - mse: 0.0081 - val_loss: 0.0104 - val_mse: 0.0104
Epoch 60/75
35/35 - 0s - loss: 0.0080 - mse: 0.0080 - val_loss: 0.0103 - val_mse: 0.0103
Epoch 61/75
35/35 - 0s - loss: 0.0080 - mse: 0.0080 - val_loss: 0.0102 - val_mse: 0.0102
Epoch 62/75
35/35 - 0s - loss: 0.0079 - mse: 0.0079 - val_loss: 0.0101 - val_mse: 0.0101
Epoch 63/75
35/35 - 0s - loss: 0.0078 - mse: 0.0078 - val_loss: 0.0101 - val_mse: 0.0101
Epoch 64/75
35/35 - 0s - loss: 0.0078 - mse: 0.0078 - val_loss: 0.0100 - val_mse: 0.0100
Epoch 65/75
35/35 - 0s - loss: 0.0077 - mse: 0.0077 - val_loss: 0.0099 - val_mse: 0.0099
Epoch 66/75
35/35 - 0s - loss: 0.0076 - mse: 0.0076 - val_loss: 0.0098 - val_mse: 0.0098
Epoch 67/75
35/35 - 0s - loss: 0.0076 - mse: 0.0076 - val_loss: 0.0097 - val_mse: 0.0097
Epoch 68/75
35/35 - 0s - loss: 0.0075 - mse: 0.0075 - val_loss: 0.0097 - val_mse: 0.0097
Epoch 69/75
35/35 - 0s - loss: 0.0074 - mse: 0.0074 - val_loss: 0.0096 - val_mse: 0.0096
Epoch 70/75
35/35 - 0s - loss: 0.0074 - mse: 0.0074 - val_loss: 0.0096 - val_mse: 0.0096
Epoch 71/75
35/35 - 0s - loss: 0.0073 - mse: 0.0073 - val_loss: 0.0095 - val_mse: 0.0095
Epoch 72/75
35/35 - 0s - loss: 0.0073 - mse: 0.0073 - val_loss: 0.0094 - val_mse: 0.0094
Epoch 73/75
35/35 - 0s - loss: 0.0072 - mse: 0.0072 - val_loss: 0.0093 - val_mse: 0.0093
Epoch 74/75
35/35 - 0s - loss: 0.0071 - mse: 0.0071 - val_loss: 0.0094 - val_mse: 0.0094
Epoch 75/75
35/35 - 0s - loss: 0.0071 - mse: 0.0071 - val_loss: 0.0093 - val_mse: 0.0093
...analysing 1th feature...
Epoch 1/75
35/35 - 0s - loss: 0.2215 - mse: 0.2215 - val_loss: 0.0951 - val_mse: 0.0951
Epoch 2/75
35/35 - 0s - loss: 0.0756 - mse: 0.0756 - val_loss: 0.0703 - val_mse: 0.0703
Epoch 3/75
35/35 - 0s - loss: 0.0586 - mse: 0.0586 - val_loss: 0.0570 - val_mse: 0.0570
Epoch 4/75
35/35 - 0s - loss: 0.0480 - mse: 0.0480 - val_loss: 0.0474 - val_mse: 0.0474
Epoch 5/75
35/35 - 0s - loss: 0.0401 - mse: 0.0401 - val_loss: 0.0412 - val_mse: 0.0412
Epoch 6/75
35/35 - 0s - loss: 0.0347 - mse: 0.0347 - val_loss: 0.0354 - val_mse: 0.0354
Epoch 7/75
35/35 - 0s - loss: 0.0303 - mse: 0.0303 - val_loss: 0.0321 - val_mse: 0.0321
Epoch 8/75
35/35 - 0s - loss: 0.0270 - mse: 0.0270 - val_loss: 0.0283 - val_mse: 0.0283
Epoch 9/75
35/35 - 0s - loss: 0.0244 - mse: 0.0244 - val_loss: 0.0257 - val_mse: 0.0257
Epoch 10/75
35/35 - 0s - loss: 0.0222 - mse: 0.0222 - val_loss: 0.0236 - val_mse: 0.0236
Epoch 11/75
35/35 - 0s - loss: 0.0204 - mse: 0.0204 - val_loss: 0.0222 - val_mse: 0.0222
Epoch 12/75
35/35 - 0s - loss: 0.0188 - mse: 0.0188 - val_loss: 0.0209 - val_mse: 0.0209
Epoch 13/75
35/35 - 0s - loss: 0.0175 - mse: 0.0175 - val_loss: 0.0194 - val_mse: 0.0194
Epoch 14/75
35/35 - 0s - loss: 0.0165 - mse: 0.0165 - val_loss: 0.0185 - val_mse: 0.0185
Epoch 15/75
35/35 - 0s - loss: 0.0155 - mse: 0.0155 - val_loss: 0.0176 - val_mse: 0.0176
Epoch 16/75
35/35 - 0s - loss: 0.0147 - mse: 0.0147 - val_loss: 0.0167 - val_mse: 0.0167
Epoch 17/75
35/35 - 0s - loss: 0.0138 - mse: 0.0138 - val_loss: 0.0159 - val_mse: 0.0159
Epoch 18/75
35/35 - 0s - loss: 0.0131 - mse: 0.0131 - val_loss: 0.0154 - val_mse: 0.0154
Epoch 19/75
35/35 - 0s - loss: 0.0124 - mse: 0.0124 - val_loss: 0.0147 - val_mse: 0.0147
Epoch 20/75
35/35 - 0s - loss: 0.0118 - mse: 0.0118 - val_loss: 0.0145 - val_mse: 0.0145
Epoch 21/75
35/35 - 0s - loss: 0.0113 - mse: 0.0113 - val_loss: 0.0139 - val_mse: 0.0139
Epoch 22/75
35/35 - 0s - loss: 0.0109 - mse: 0.0109 - val_loss: 0.0135 - val_mse: 0.0135
Epoch 23/75
35/35 - 0s - loss: 0.0105 - mse: 0.0105 - val_loss: 0.0130 - val_mse: 0.0130
Epoch 24/75
35/35 - 0s - loss: 0.0100 - mse: 0.0100 - val_loss: 0.0126 - val_mse: 0.0126
Epoch 25/75
35/35 - 0s - loss: 0.0098 - mse: 0.0098 - val_loss: 0.0127 - val_mse: 0.0127
Epoch 26/75
35/35 - 0s - loss: 0.0094 - mse: 0.0094 - val_loss: 0.0121 - val_mse: 0.0121
Epoch 27/75
35/35 - 0s - loss: 0.0092 - mse: 0.0092 - val_loss: 0.0117 - val_mse: 0.0117
Epoch 28/75
35/35 - 0s - loss: 0.0088 - mse: 0.0088 - val_loss: 0.0117 - val_mse: 0.0117
Epoch 29/75
35/35 - 0s - loss: 0.0086 - mse: 0.0086 - val_loss: 0.0112 - val_mse: 0.0112
Epoch 30/75
35/35 - 0s - loss: 0.0084 - mse: 0.0084 - val_loss: 0.0112 - val_mse: 0.0112
Epoch 31/75
35/35 - 0s - loss: 0.0081 - mse: 0.0081 - val_loss: 0.0111 - val_mse: 0.0111
Epoch 32/75
35/35 - 0s - loss: 0.0079 - mse: 0.0079 - val_loss: 0.0106 - val_mse: 0.0106
Epoch 33/75
35/35 - 0s - loss: 0.0078 - mse: 0.0078 - val_loss: 0.0104 - val_mse: 0.0104
Epoch 34/75
35/35 - 0s - loss: 0.0075 - mse: 0.0075 - val_loss: 0.0102 - val_mse: 0.0102
Epoch 35/75
35/35 - 0s - loss: 0.0074 - mse: 0.0074 - val_loss: 0.0101 - val_mse: 0.0101
Epoch 36/75
35/35 - 0s - loss: 0.0072 - mse: 0.0072 - val_loss: 0.0100 - val_mse: 0.0100
Epoch 37/75
35/35 - 0s - loss: 0.0070 - mse: 0.0070 - val_loss: 0.0100 - val_mse: 0.0100
Epoch 38/75
35/35 - 0s - loss: 0.0069 - mse: 0.0069 - val_loss: 0.0096 - val_mse: 0.0096
Epoch 39/75
35/35 - 0s - loss: 0.0069 - mse: 0.0069 - val_loss: 0.0096 - val_mse: 0.0096
Epoch 40/75
35/35 - 0s - loss: 0.0067 - mse: 0.0067 - val_loss: 0.0094 - val_mse: 0.0094
Epoch 41/75
35/35 - 0s - loss: 0.0066 - mse: 0.0066 - val_loss: 0.0094 - val_mse: 0.0094
Epoch 42/75
35/35 - 0s - loss: 0.0065 - mse: 0.0065 - val_loss: 0.0093 - val_mse: 0.0093
Epoch 43/75
35/35 - 0s - loss: 0.0064 - mse: 0.0064 - val_loss: 0.0092 - val_mse: 0.0092
Epoch 44/75
35/35 - 0s - loss: 0.0062 - mse: 0.0062 - val_loss: 0.0091 - val_mse: 0.0091
Epoch 45/75
35/35 - 0s - loss: 0.0062 - mse: 0.0062 - val_loss: 0.0091 - val_mse: 0.0091
Epoch 46/75
35/35 - 0s - loss: 0.0061 - mse: 0.0061 - val_loss: 0.0090 - val_mse: 0.0090
Epoch 47/75
35/35 - 0s - loss: 0.0061 - mse: 0.0061 - val_loss: 0.0089 - val_mse: 0.0089
Epoch 48/75
35/35 - 0s - loss: 0.0060 - mse: 0.0060 - val_loss: 0.0088 - val_mse: 0.0088
Epoch 49/75
35/35 - 0s - loss: 0.0059 - mse: 0.0059 - val_loss: 0.0087 - val_mse: 0.0087
Epoch 50/75
35/35 - 0s - loss: 0.0058 - mse: 0.0058 - val_loss: 0.0087 - val_mse: 0.0087
Epoch 51/75
35/35 - 0s - loss: 0.0057 - mse: 0.0057 - val_loss: 0.0086 - val_mse: 0.0086
Epoch 52/75
35/35 - 0s - loss: 0.0057 - mse: 0.0057 - val_loss: 0.0085 - val_mse: 0.0085
Epoch 53/75
35/35 - 0s - loss: 0.0057 - mse: 0.0057 - val_loss: 0.0084 - val_mse: 0.0084
Epoch 54/75
35/35 - 0s - loss: 0.0056 - mse: 0.0056 - val_loss: 0.0084 - val_mse: 0.0084
Epoch 55/75
35/35 - 0s - loss: 0.0055 - mse: 0.0055 - val_loss: 0.0083 - val_mse: 0.0083
Epoch 56/75
35/35 - 0s - loss: 0.0054 - mse: 0.0054 - val_loss: 0.0083 - val_mse: 0.0083
Epoch 57/75
35/35 - 0s - loss: 0.0054 - mse: 0.0054 - val_loss: 0.0082 - val_mse: 0.0082
Epoch 58/75
35/35 - 0s - loss: 0.0054 - mse: 0.0054 - val_loss: 0.0081 - val_mse: 0.0081
Epoch 59/75
35/35 - 0s - loss: 0.0052 - mse: 0.0052 - val_loss: 0.0080 - val_mse: 0.0080
Epoch 60/75
35/35 - 0s - loss: 0.0052 - mse: 0.0052 - val_loss: 0.0080 - val_mse: 0.0080
Epoch 61/75
35/35 - 0s - loss: 0.0051 - mse: 0.0051 - val_loss: 0.0079 - val_mse: 0.0079
Epoch 62/75
35/35 - 0s - loss: 0.0051 - mse: 0.0051 - val_loss: 0.0079 - val_mse: 0.0079
Epoch 63/75
35/35 - 0s - loss: 0.0051 - mse: 0.0051 - val_loss: 0.0078 - val_mse: 0.0078
Epoch 64/75
35/35 - 0s - loss: 0.0050 - mse: 0.0050 - val_loss: 0.0078 - val_mse: 0.0078
Epoch 65/75
35/35 - 0s - loss: 0.0050 - mse: 0.0050 - val_loss: 0.0076 - val_mse: 0.0076
Epoch 66/75
35/35 - 0s - loss: 0.0049 - mse: 0.0049 - val_loss: 0.0077 - val_mse: 0.0077
Epoch 67/75
35/35 - 0s - loss: 0.0049 - mse: 0.0049 - val_loss: 0.0076 - val_mse: 0.0076
Epoch 68/75
35/35 - 0s - loss: 0.0049 - mse: 0.0049 - val_loss: 0.0075 - val_mse: 0.0075
Epoch 69/75
35/35 - 0s - loss: 0.0049 - mse: 0.0049 - val_loss: 0.0075 - val_mse: 0.0075
Epoch 70/75
35/35 - 0s - loss: 0.0048 - mse: 0.0048 - val_loss: 0.0075 - val_mse: 0.0075
Epoch 71/75
35/35 - 0s - loss: 0.0048 - mse: 0.0048 - val_loss: 0.0076 - val_mse: 0.0076
Epoch 72/75
35/35 - 0s - loss: 0.0048 - mse: 0.0048 - val_loss: 0.0074 - val_mse: 0.0074
Epoch 73/75
35/35 - 0s - loss: 0.0047 - mse: 0.0047 - val_loss: 0.0074 - val_mse: 0.0074
Epoch 74/75
35/35 - 0s - loss: 0.0047 - mse: 0.0047 - val_loss: 0.0074 - val_mse: 0.0074
Epoch 75/75
35/35 - 0s - loss: 0.0047 - mse: 0.0047 - val_loss: 0.0073 - val_mse: 0.0073
...analysing 2th feature...
Epoch 1/75
35/35 - 0s - loss: 0.3857 - mse: 0.3857 - val_loss: 0.0998 - val_mse: 0.0998
Epoch 2/75
35/35 - 0s - loss: 0.0855 - mse: 0.0855 - val_loss: 0.0548 - val_mse: 0.0548
Epoch 3/75
35/35 - 0s - loss: 0.0589 - mse: 0.0589 - val_loss: 0.0414 - val_mse: 0.0414
Epoch 4/75
35/35 - 0s - loss: 0.0461 - mse: 0.0461 - val_loss: 0.0332 - val_mse: 0.0332
Epoch 5/75
35/35 - 0s - loss: 0.0377 - mse: 0.0377 - val_loss: 0.0277 - val_mse: 0.0277
Epoch 6/75
35/35 - 0s - loss: 0.0317 - mse: 0.0317 - val_loss: 0.0240 - val_mse: 0.0240
Epoch 7/75
35/35 - 0s - loss: 0.0275 - mse: 0.0275 - val_loss: 0.0213 - val_mse: 0.0213
Epoch 8/75
35/35 - 0s - loss: 0.0245 - mse: 0.0245 - val_loss: 0.0194 - val_mse: 0.0194
Epoch 9/75
35/35 - 0s - loss: 0.0224 - mse: 0.0224 - val_loss: 0.0179 - val_mse: 0.0179
Epoch 10/75
35/35 - 0s - loss: 0.0206 - mse: 0.0206 - val_loss: 0.0168 - val_mse: 0.0168
Epoch 11/75
35/35 - 0s - loss: 0.0193 - mse: 0.0193 - val_loss: 0.0159 - val_mse: 0.0159
Epoch 12/75
35/35 - 0s - loss: 0.0181 - mse: 0.0181 - val_loss: 0.0152 - val_mse: 0.0152
Epoch 13/75
35/35 - 0s - loss: 0.0171 - mse: 0.0171 - val_loss: 0.0146 - val_mse: 0.0146
Epoch 14/75
35/35 - 0s - loss: 0.0163 - mse: 0.0163 - val_loss: 0.0141 - val_mse: 0.0141
Epoch 15/75
35/35 - 0s - loss: 0.0156 - mse: 0.0156 - val_loss: 0.0137 - val_mse: 0.0137
Epoch 16/75
35/35 - 0s - loss: 0.0150 - mse: 0.0150 - val_loss: 0.0133 - val_mse: 0.0133
Epoch 17/75
35/35 - 0s - loss: 0.0143 - mse: 0.0143 - val_loss: 0.0130 - val_mse: 0.0130
Epoch 18/75
35/35 - 0s - loss: 0.0138 - mse: 0.0138 - val_loss: 0.0126 - val_mse: 0.0126
Epoch 19/75
35/35 - 0s - loss: 0.0133 - mse: 0.0133 - val_loss: 0.0123 - val_mse: 0.0123
Epoch 20/75
35/35 - 0s - loss: 0.0128 - mse: 0.0128 - val_loss: 0.0121 - val_mse: 0.0121
Epoch 21/75
35/35 - 0s - loss: 0.0124 - mse: 0.0124 - val_loss: 0.0117 - val_mse: 0.0117
Epoch 22/75
35/35 - 0s - loss: 0.0120 - mse: 0.0120 - val_loss: 0.0115 - val_mse: 0.0115
Epoch 23/75
35/35 - 0s - loss: 0.0116 - mse: 0.0116 - val_loss: 0.0112 - val_mse: 0.0112
Epoch 24/75
35/35 - 0s - loss: 0.0112 - mse: 0.0112 - val_loss: 0.0111 - val_mse: 0.0111
Epoch 25/75
35/35 - 0s - loss: 0.0109 - mse: 0.0109 - val_loss: 0.0108 - val_mse: 0.0108
Epoch 26/75
35/35 - 0s - loss: 0.0106 - mse: 0.0106 - val_loss: 0.0106 - val_mse: 0.0106
Epoch 27/75
35/35 - 0s - loss: 0.0103 - mse: 0.0103 - val_loss: 0.0104 - val_mse: 0.0104
Epoch 28/75
35/35 - 0s - loss: 0.0101 - mse: 0.0101 - val_loss: 0.0102 - val_mse: 0.0102
Epoch 29/75
35/35 - 0s - loss: 0.0099 - mse: 0.0099 - val_loss: 0.0100 - val_mse: 0.0100
Epoch 30/75
35/35 - 0s - loss: 0.0096 - mse: 0.0096 - val_loss: 0.0098 - val_mse: 0.0098
Epoch 31/75
35/35 - 0s - loss: 0.0094 - mse: 0.0094 - val_loss: 0.0096 - val_mse: 0.0096
Epoch 32/75
35/35 - 0s - loss: 0.0092 - mse: 0.0092 - val_loss: 0.0095 - val_mse: 0.0095
Epoch 33/75
35/35 - 0s - loss: 0.0090 - mse: 0.0090 - val_loss: 0.0093 - val_mse: 0.0093
Epoch 34/75
35/35 - 0s - loss: 0.0089 - mse: 0.0089 - val_loss: 0.0091 - val_mse: 0.0091
Epoch 35/75
35/35 - 0s - loss: 0.0087 - mse: 0.0087 - val_loss: 0.0090 - val_mse: 0.0090
Epoch 36/75
35/35 - 0s - loss: 0.0086 - mse: 0.0086 - val_loss: 0.0089 - val_mse: 0.0089
Epoch 37/75
35/35 - 0s - loss: 0.0084 - mse: 0.0084 - val_loss: 0.0087 - val_mse: 0.0087
Epoch 38/75
35/35 - 0s - loss: 0.0083 - mse: 0.0083 - val_loss: 0.0086 - val_mse: 0.0086
Epoch 39/75
35/35 - 0s - loss: 0.0081 - mse: 0.0081 - val_loss: 0.0085 - val_mse: 0.0085
Epoch 40/75
35/35 - 0s - loss: 0.0080 - mse: 0.0080 - val_loss: 0.0084 - val_mse: 0.0084
Epoch 41/75
35/35 - 0s - loss: 0.0079 - mse: 0.0079 - val_loss: 0.0083 - val_mse: 0.0083
Epoch 42/75
35/35 - 0s - loss: 0.0078 - mse: 0.0078 - val_loss: 0.0082 - val_mse: 0.0082
Epoch 43/75
35/35 - 0s - loss: 0.0077 - mse: 0.0077 - val_loss: 0.0081 - val_mse: 0.0081
Epoch 44/75
35/35 - 0s - loss: 0.0075 - mse: 0.0075 - val_loss: 0.0080 - val_mse: 0.0080
Epoch 45/75
35/35 - 0s - loss: 0.0074 - mse: 0.0074 - val_loss: 0.0079 - val_mse: 0.0079
Epoch 46/75
35/35 - 0s - loss: 0.0073 - mse: 0.0073 - val_loss: 0.0079 - val_mse: 0.0079
Epoch 47/75
35/35 - 0s - loss: 0.0073 - mse: 0.0073 - val_loss: 0.0078 - val_mse: 0.0078
Epoch 48/75
35/35 - 0s - loss: 0.0071 - mse: 0.0071 - val_loss: 0.0077 - val_mse: 0.0077
Epoch 49/75
35/35 - 0s - loss: 0.0071 - mse: 0.0071 - val_loss: 0.0077 - val_mse: 0.0077
Epoch 50/75
35/35 - 0s - loss: 0.0070 - mse: 0.0070 - val_loss: 0.0076 - val_mse: 0.0076
Epoch 51/75
35/35 - 0s - loss: 0.0069 - mse: 0.0069 - val_loss: 0.0075 - val_mse: 0.0075
Epoch 52/75
35/35 - 0s - loss: 0.0069 - mse: 0.0069 - val_loss: 0.0075 - val_mse: 0.0075
Epoch 53/75
35/35 - 0s - loss: 0.0068 - mse: 0.0068 - val_loss: 0.0074 - val_mse: 0.0074
Epoch 54/75
35/35 - 0s - loss: 0.0068 - mse: 0.0068 - val_loss: 0.0074 - val_mse: 0.0074
Epoch 55/75
35/35 - 0s - loss: 0.0067 - mse: 0.0067 - val_loss: 0.0073 - val_mse: 0.0073
Epoch 56/75
35/35 - 0s - loss: 0.0066 - mse: 0.0066 - val_loss: 0.0073 - val_mse: 0.0073
Epoch 57/75
35/35 - 0s - loss: 0.0065 - mse: 0.0065 - val_loss: 0.0072 - val_mse: 0.0072
Epoch 58/75
35/35 - 0s - loss: 0.0065 - mse: 0.0065 - val_loss: 0.0072 - val_mse: 0.0072
Epoch 59/75
35/35 - 0s - loss: 0.0064 - mse: 0.0064 - val_loss: 0.0072 - val_mse: 0.0072
Epoch 60/75
35/35 - 0s - loss: 0.0064 - mse: 0.0064 - val_loss: 0.0071 - val_mse: 0.0071
Epoch 61/75
35/35 - 0s - loss: 0.0063 - mse: 0.0063 - val_loss: 0.0071 - val_mse: 0.0071
Epoch 62/75
35/35 - 0s - loss: 0.0063 - mse: 0.0063 - val_loss: 0.0071 - val_mse: 0.0071
Epoch 63/75
35/35 - 0s - loss: 0.0062 - mse: 0.0062 - val_loss: 0.0070 - val_mse: 0.0070
Epoch 64/75
35/35 - 0s - loss: 0.0062 - mse: 0.0062 - val_loss: 0.0070 - val_mse: 0.0070
Epoch 65/75
35/35 - 0s - loss: 0.0061 - mse: 0.0061 - val_loss: 0.0070 - val_mse: 0.0070
Epoch 66/75
35/35 - 0s - loss: 0.0061 - mse: 0.0061 - val_loss: 0.0070 - val_mse: 0.0070
Epoch 67/75
35/35 - 0s - loss: 0.0061 - mse: 0.0061 - val_loss: 0.0069 - val_mse: 0.0069
Epoch 68/75
35/35 - 0s - loss: 0.0060 - mse: 0.0060 - val_loss: 0.0069 - val_mse: 0.0069
Epoch 69/75
35/35 - 0s - loss: 0.0060 - mse: 0.0060 - val_loss: 0.0069 - val_mse: 0.0069
Epoch 70/75
35/35 - 0s - loss: 0.0059 - mse: 0.0059 - val_loss: 0.0068 - val_mse: 0.0068
Epoch 71/75
35/35 - 0s - loss: 0.0059 - mse: 0.0059 - val_loss: 0.0068 - val_mse: 0.0068
Epoch 72/75
35/35 - 0s - loss: 0.0058 - mse: 0.0058 - val_loss: 0.0068 - val_mse: 0.0068
Epoch 73/75
35/35 - 0s - loss: 0.0058 - mse: 0.0058 - val_loss: 0.0068 - val_mse: 0.0068
Epoch 74/75
35/35 - 0s - loss: 0.0058 - mse: 0.0058 - val_loss: 0.0067 - val_mse: 0.0067
Epoch 75/75
35/35 - 0s - loss: 0.0057 - mse: 0.0057 - val_loss: 0.0067 - val_mse: 0.0067
...analysing 3th feature...
Epoch 1/75
35/35 - 0s - loss: 0.3501 - mse: 0.3501 - val_loss: 0.2140 - val_mse: 0.2140
Epoch 2/75
35/35 - 0s - loss: 0.1578 - mse: 0.1578 - val_loss: 0.1361 - val_mse: 0.1361
Epoch 3/75
35/35 - 0s - loss: 0.1045 - mse: 0.1045 - val_loss: 0.0930 - val_mse: 0.0930
Epoch 4/75
35/35 - 0s - loss: 0.0722 - mse: 0.0722 - val_loss: 0.0672 - val_mse: 0.0672
Epoch 5/75
35/35 - 0s - loss: 0.0515 - mse: 0.0515 - val_loss: 0.0519 - val_mse: 0.0519
Epoch 6/75
35/35 - 0s - loss: 0.0394 - mse: 0.0394 - val_loss: 0.0412 - val_mse: 0.0412
Epoch 7/75
35/35 - 0s - loss: 0.0312 - mse: 0.0312 - val_loss: 0.0351 - val_mse: 0.0351
Epoch 8/75
35/35 - 0s - loss: 0.0259 - mse: 0.0259 - val_loss: 0.0302 - val_mse: 0.0302
Epoch 9/75
35/35 - 0s - loss: 0.0226 - mse: 0.0226 - val_loss: 0.0272 - val_mse: 0.0272
Epoch 10/75
35/35 - 0s - loss: 0.0199 - mse: 0.0199 - val_loss: 0.0248 - val_mse: 0.0248
Epoch 11/75
35/35 - 0s - loss: 0.0180 - mse: 0.0180 - val_loss: 0.0231 - val_mse: 0.0231
Epoch 12/75
35/35 - 0s - loss: 0.0165 - mse: 0.0165 - val_loss: 0.0221 - val_mse: 0.0221
Epoch 13/75
35/35 - 0s - loss: 0.0154 - mse: 0.0154 - val_loss: 0.0213 - val_mse: 0.0213
Epoch 14/75
35/35 - 0s - loss: 0.0147 - mse: 0.0147 - val_loss: 0.0202 - val_mse: 0.0202
Epoch 15/75
35/35 - 0s - loss: 0.0140 - mse: 0.0140 - val_loss: 0.0196 - val_mse: 0.0196
Epoch 16/75
35/35 - 0s - loss: 0.0135 - mse: 0.0135 - val_loss: 0.0190 - val_mse: 0.0190
Epoch 17/75
35/35 - 0s - loss: 0.0129 - mse: 0.0129 - val_loss: 0.0184 - val_mse: 0.0184
Epoch 18/75
35/35 - 0s - loss: 0.0125 - mse: 0.0125 - val_loss: 0.0179 - val_mse: 0.0179
Epoch 19/75
35/35 - 0s - loss: 0.0121 - mse: 0.0121 - val_loss: 0.0175 - val_mse: 0.0175
Epoch 20/75
35/35 - 0s - loss: 0.0117 - mse: 0.0117 - val_loss: 0.0175 - val_mse: 0.0175
Epoch 21/75
35/35 - 0s - loss: 0.0115 - mse: 0.0115 - val_loss: 0.0168 - val_mse: 0.0168
Epoch 22/75
35/35 - 0s - loss: 0.0111 - mse: 0.0111 - val_loss: 0.0168 - val_mse: 0.0168
Epoch 23/75
35/35 - 0s - loss: 0.0111 - mse: 0.0111 - val_loss: 0.0162 - val_mse: 0.0162
Epoch 24/75
35/35 - 0s - loss: 0.0108 - mse: 0.0108 - val_loss: 0.0159 - val_mse: 0.0159
Epoch 25/75
35/35 - 0s - loss: 0.0106 - mse: 0.0106 - val_loss: 0.0156 - val_mse: 0.0156
Epoch 26/75
35/35 - 0s - loss: 0.0104 - mse: 0.0104 - val_loss: 0.0154 - val_mse: 0.0154
Epoch 27/75
35/35 - 0s - loss: 0.0102 - mse: 0.0102 - val_loss: 0.0151 - val_mse: 0.0151
Epoch 28/75
35/35 - 0s - loss: 0.0100 - mse: 0.0100 - val_loss: 0.0148 - val_mse: 0.0148
Epoch 29/75
35/35 - 0s - loss: 0.0099 - mse: 0.0099 - val_loss: 0.0147 - val_mse: 0.0147
Epoch 30/75
35/35 - 0s - loss: 0.0097 - mse: 0.0097 - val_loss: 0.0144 - val_mse: 0.0144
Epoch 31/75
35/35 - 0s - loss: 0.0095 - mse: 0.0095 - val_loss: 0.0144 - val_mse: 0.0144
Epoch 32/75
35/35 - 0s - loss: 0.0095 - mse: 0.0095 - val_loss: 0.0139 - val_mse: 0.0139
Epoch 33/75
35/35 - 0s - loss: 0.0093 - mse: 0.0093 - val_loss: 0.0138 - val_mse: 0.0138
Epoch 34/75
35/35 - 0s - loss: 0.0091 - mse: 0.0091 - val_loss: 0.0137 - val_mse: 0.0137
Epoch 35/75
35/35 - 0s - loss: 0.0090 - mse: 0.0090 - val_loss: 0.0134 - val_mse: 0.0134
Epoch 36/75
35/35 - 0s - loss: 0.0088 - mse: 0.0088 - val_loss: 0.0132 - val_mse: 0.0132
Epoch 37/75
35/35 - 0s - loss: 0.0087 - mse: 0.0087 - val_loss: 0.0130 - val_mse: 0.0130
Epoch 38/75
35/35 - 0s - loss: 0.0086 - mse: 0.0086 - val_loss: 0.0128 - val_mse: 0.0128
Epoch 39/75
35/35 - 0s - loss: 0.0085 - mse: 0.0085 - val_loss: 0.0127 - val_mse: 0.0127
Epoch 40/75
35/35 - 0s - loss: 0.0084 - mse: 0.0084 - val_loss: 0.0125 - val_mse: 0.0125
Epoch 41/75
35/35 - 0s - loss: 0.0083 - mse: 0.0083 - val_loss: 0.0124 - val_mse: 0.0124
Epoch 42/75
35/35 - 0s - loss: 0.0082 - mse: 0.0082 - val_loss: 0.0121 - val_mse: 0.0121
Epoch 43/75
35/35 - 0s - loss: 0.0080 - mse: 0.0080 - val_loss: 0.0120 - val_mse: 0.0120
Epoch 44/75
35/35 - 0s - loss: 0.0079 - mse: 0.0079 - val_loss: 0.0120 - val_mse: 0.0120
Epoch 45/75
35/35 - 0s - loss: 0.0079 - mse: 0.0079 - val_loss: 0.0118 - val_mse: 0.0118
Epoch 46/75
35/35 - 0s - loss: 0.0078 - mse: 0.0078 - val_loss: 0.0116 - val_mse: 0.0116
Epoch 47/75
35/35 - 0s - loss: 0.0078 - mse: 0.0078 - val_loss: 0.0116 - val_mse: 0.0116
Epoch 48/75
35/35 - 0s - loss: 0.0076 - mse: 0.0076 - val_loss: 0.0114 - val_mse: 0.0114
Epoch 49/75
35/35 - 0s - loss: 0.0076 - mse: 0.0076 - val_loss: 0.0113 - val_mse: 0.0113
Epoch 50/75
35/35 - 0s - loss: 0.0074 - mse: 0.0074 - val_loss: 0.0112 - val_mse: 0.0112
Epoch 51/75
35/35 - 0s - loss: 0.0074 - mse: 0.0074 - val_loss: 0.0114 - val_mse: 0.0114
Epoch 52/75
35/35 - 0s - loss: 0.0074 - mse: 0.0074 - val_loss: 0.0109 - val_mse: 0.0109
Epoch 53/75
35/35 - 0s - loss: 0.0073 - mse: 0.0073 - val_loss: 0.0109 - val_mse: 0.0109
Epoch 54/75
35/35 - 0s - loss: 0.0073 - mse: 0.0073 - val_loss: 0.0108 - val_mse: 0.0108
Epoch 55/75
35/35 - 0s - loss: 0.0072 - mse: 0.0072 - val_loss: 0.0106 - val_mse: 0.0106
Epoch 56/75
35/35 - 0s - loss: 0.0071 - mse: 0.0071 - val_loss: 0.0106 - val_mse: 0.0106
Epoch 57/75
35/35 - 0s - loss: 0.0071 - mse: 0.0071 - val_loss: 0.0106 - val_mse: 0.0106
Epoch 58/75
35/35 - 0s - loss: 0.0070 - mse: 0.0070 - val_loss: 0.0103 - val_mse: 0.0103
Epoch 59/75
35/35 - 0s - loss: 0.0069 - mse: 0.0069 - val_loss: 0.0103 - val_mse: 0.0103
Epoch 60/75
35/35 - 0s - loss: 0.0069 - mse: 0.0069 - val_loss: 0.0102 - val_mse: 0.0102
Epoch 61/75
35/35 - 0s - loss: 0.0068 - mse: 0.0068 - val_loss: 0.0101 - val_mse: 0.0101
Epoch 62/75
35/35 - 0s - loss: 0.0068 - mse: 0.0068 - val_loss: 0.0101 - val_mse: 0.0101
Epoch 63/75
35/35 - 0s - loss: 0.0067 - mse: 0.0067 - val_loss: 0.0099 - val_mse: 0.0099
Epoch 64/75
35/35 - 0s - loss: 0.0067 - mse: 0.0067 - val_loss: 0.0100 - val_mse: 0.0100
Epoch 65/75
35/35 - 0s - loss: 0.0066 - mse: 0.0066 - val_loss: 0.0098 - val_mse: 0.0098
Epoch 66/75
35/35 - 0s - loss: 0.0066 - mse: 0.0066 - val_loss: 0.0096 - val_mse: 0.0096
Epoch 67/75
35/35 - 0s - loss: 0.0066 - mse: 0.0066 - val_loss: 0.0097 - val_mse: 0.0097
Epoch 68/75
35/35 - 0s - loss: 0.0065 - mse: 0.0065 - val_loss: 0.0095 - val_mse: 0.0095
Epoch 69/75
35/35 - 0s - loss: 0.0065 - mse: 0.0065 - val_loss: 0.0095 - val_mse: 0.0095
Epoch 70/75
35/35 - 0s - loss: 0.0064 - mse: 0.0064 - val_loss: 0.0094 - val_mse: 0.0094
Epoch 71/75
35/35 - 0s - loss: 0.0063 - mse: 0.0063 - val_loss: 0.0093 - val_mse: 0.0093
Epoch 72/75
35/35 - 0s - loss: 0.0063 - mse: 0.0063 - val_loss: 0.0093 - val_mse: 0.0093
Epoch 73/75
35/35 - 0s - loss: 0.0063 - mse: 0.0063 - val_loss: 0.0092 - val_mse: 0.0092
Epoch 74/75
35/35 - 0s - loss: 0.0062 - mse: 0.0062 - val_loss: 0.0093 - val_mse: 0.0093
Epoch 75/75
35/35 - 0s - loss: 0.0062 - mse: 0.0062 - val_loss: 0.0091 - val_mse: 0.0091
...analysing 4th feature...
Epoch 1/75
35/35 - 0s - loss: 0.1968 - mse: 0.1968 - val_loss: 0.1437 - val_mse: 0.1437
Epoch 2/75
35/35 - 0s - loss: 0.1204 - mse: 0.1204 - val_loss: 0.0987 - val_mse: 0.0987
Epoch 3/75
35/35 - 0s - loss: 0.0815 - mse: 0.0815 - val_loss: 0.0729 - val_mse: 0.0729
Epoch 4/75
35/35 - 0s - loss: 0.0590 - mse: 0.0590 - val_loss: 0.0542 - val_mse: 0.0542
Epoch 5/75
35/35 - 0s - loss: 0.0446 - mse: 0.0446 - val_loss: 0.0425 - val_mse: 0.0425
Epoch 6/75
35/35 - 0s - loss: 0.0349 - mse: 0.0349 - val_loss: 0.0343 - val_mse: 0.0343
Epoch 7/75
35/35 - 0s - loss: 0.0283 - mse: 0.0283 - val_loss: 0.0285 - val_mse: 0.0285
Epoch 8/75
35/35 - 0s - loss: 0.0237 - mse: 0.0237 - val_loss: 0.0242 - val_mse: 0.0242
Epoch 9/75
35/35 - 0s - loss: 0.0205 - mse: 0.0205 - val_loss: 0.0212 - val_mse: 0.0212
Epoch 10/75
35/35 - 0s - loss: 0.0181 - mse: 0.0181 - val_loss: 0.0187 - val_mse: 0.0187
Epoch 11/75
35/35 - 0s - loss: 0.0163 - mse: 0.0163 - val_loss: 0.0169 - val_mse: 0.0169
Epoch 12/75
35/35 - 0s - loss: 0.0147 - mse: 0.0147 - val_loss: 0.0154 - val_mse: 0.0154
Epoch 13/75
35/35 - 0s - loss: 0.0136 - mse: 0.0136 - val_loss: 0.0141 - val_mse: 0.0141
Epoch 14/75
35/35 - 0s - loss: 0.0127 - mse: 0.0127 - val_loss: 0.0131 - val_mse: 0.0131
Epoch 15/75
35/35 - 0s - loss: 0.0119 - mse: 0.0119 - val_loss: 0.0122 - val_mse: 0.0122
Epoch 16/75
35/35 - 0s - loss: 0.0113 - mse: 0.0113 - val_loss: 0.0114 - val_mse: 0.0114
Epoch 17/75
35/35 - 0s - loss: 0.0106 - mse: 0.0106 - val_loss: 0.0107 - val_mse: 0.0107
Epoch 18/75
35/35 - 0s - loss: 0.0101 - mse: 0.0101 - val_loss: 0.0103 - val_mse: 0.0103
Epoch 19/75
35/35 - 0s - loss: 0.0098 - mse: 0.0098 - val_loss: 0.0096 - val_mse: 0.0096
Epoch 20/75
35/35 - 0s - loss: 0.0093 - mse: 0.0093 - val_loss: 0.0094 - val_mse: 0.0094
Epoch 21/75
35/35 - 0s - loss: 0.0090 - mse: 0.0090 - val_loss: 0.0088 - val_mse: 0.0088
Epoch 22/75
35/35 - 0s - loss: 0.0087 - mse: 0.0087 - val_loss: 0.0086 - val_mse: 0.0086
Epoch 23/75
35/35 - 0s - loss: 0.0084 - mse: 0.0084 - val_loss: 0.0081 - val_mse: 0.0081
Epoch 24/75
35/35 - 0s - loss: 0.0081 - mse: 0.0081 - val_loss: 0.0078 - val_mse: 0.0078
Epoch 25/75
35/35 - 0s - loss: 0.0079 - mse: 0.0079 - val_loss: 0.0077 - val_mse: 0.0077
Epoch 26/75
35/35 - 0s - loss: 0.0077 - mse: 0.0077 - val_loss: 0.0073 - val_mse: 0.0073
Epoch 27/75
35/35 - 0s - loss: 0.0075 - mse: 0.0075 - val_loss: 0.0071 - val_mse: 0.0071
Epoch 28/75
35/35 - 0s - loss: 0.0073 - mse: 0.0073 - val_loss: 0.0070 - val_mse: 0.0070
Epoch 29/75
35/35 - 0s - loss: 0.0072 - mse: 0.0072 - val_loss: 0.0068 - val_mse: 0.0068
Epoch 30/75
35/35 - 0s - loss: 0.0071 - mse: 0.0071 - val_loss: 0.0068 - val_mse: 0.0068
Epoch 31/75
35/35 - 0s - loss: 0.0070 - mse: 0.0070 - val_loss: 0.0067 - val_mse: 0.0067
Epoch 32/75
35/35 - 0s - loss: 0.0069 - mse: 0.0069 - val_loss: 0.0065 - val_mse: 0.0065
Epoch 33/75
35/35 - 0s - loss: 0.0067 - mse: 0.0067 - val_loss: 0.0064 - val_mse: 0.0064
Epoch 34/75
35/35 - 0s - loss: 0.0066 - mse: 0.0066 - val_loss: 0.0063 - val_mse: 0.0063
Epoch 35/75
35/35 - 0s - loss: 0.0065 - mse: 0.0065 - val_loss: 0.0062 - val_mse: 0.0062
Epoch 36/75
35/35 - 0s - loss: 0.0064 - mse: 0.0064 - val_loss: 0.0061 - val_mse: 0.0061
Epoch 37/75
35/35 - 0s - loss: 0.0064 - mse: 0.0064 - val_loss: 0.0060 - val_mse: 0.0060
Epoch 38/75
35/35 - 0s - loss: 0.0063 - mse: 0.0063 - val_loss: 0.0060 - val_mse: 0.0060
Epoch 39/75
35/35 - 0s - loss: 0.0062 - mse: 0.0062 - val_loss: 0.0059 - val_mse: 0.0059
Epoch 40/75
35/35 - 0s - loss: 0.0062 - mse: 0.0062 - val_loss: 0.0058 - val_mse: 0.0058
Epoch 41/75
35/35 - 0s - loss: 0.0061 - mse: 0.0061 - val_loss: 0.0057 - val_mse: 0.0057
Epoch 42/75
35/35 - 0s - loss: 0.0060 - mse: 0.0060 - val_loss: 0.0056 - val_mse: 0.0056
Epoch 43/75
35/35 - 0s - loss: 0.0060 - mse: 0.0060 - val_loss: 0.0057 - val_mse: 0.0057
Epoch 44/75
35/35 - 0s - loss: 0.0059 - mse: 0.0059 - val_loss: 0.0056 - val_mse: 0.0056
Epoch 45/75
35/35 - 0s - loss: 0.0059 - mse: 0.0059 - val_loss: 0.0056 - val_mse: 0.0056
Epoch 46/75
35/35 - 0s - loss: 0.0058 - mse: 0.0058 - val_loss: 0.0055 - val_mse: 0.0055
Epoch 47/75
35/35 - 0s - loss: 0.0058 - mse: 0.0058 - val_loss: 0.0055 - val_mse: 0.0055
Epoch 48/75
35/35 - 0s - loss: 0.0057 - mse: 0.0057 - val_loss: 0.0054 - val_mse: 0.0054
Epoch 49/75
35/35 - 0s - loss: 0.0057 - mse: 0.0057 - val_loss: 0.0054 - val_mse: 0.0054
Epoch 50/75
35/35 - 0s - loss: 0.0056 - mse: 0.0056 - val_loss: 0.0054 - val_mse: 0.0054
Epoch 51/75
35/35 - 0s - loss: 0.0056 - mse: 0.0056 - val_loss: 0.0055 - val_mse: 0.0055
Epoch 52/75
35/35 - 0s - loss: 0.0056 - mse: 0.0056 - val_loss: 0.0054 - val_mse: 0.0054
Epoch 53/75
35/35 - 0s - loss: 0.0055 - mse: 0.0055 - val_loss: 0.0054 - val_mse: 0.0054
Epoch 54/75
35/35 - 0s - loss: 0.0055 - mse: 0.0055 - val_loss: 0.0054 - val_mse: 0.0054
Epoch 55/75
35/35 - 0s - loss: 0.0054 - mse: 0.0054 - val_loss: 0.0053 - val_mse: 0.0053
Epoch 56/75
35/35 - 0s - loss: 0.0054 - mse: 0.0054 - val_loss: 0.0053 - val_mse: 0.0053
Epoch 57/75
35/35 - 0s - loss: 0.0054 - mse: 0.0054 - val_loss: 0.0054 - val_mse: 0.0054
Epoch 58/75
35/35 - 0s - loss: 0.0054 - mse: 0.0054 - val_loss: 0.0053 - val_mse: 0.0053
Epoch 59/75
35/35 - 0s - loss: 0.0053 - mse: 0.0053 - val_loss: 0.0053 - val_mse: 0.0053
Epoch 60/75
35/35 - 0s - loss: 0.0053 - mse: 0.0053 - val_loss: 0.0053 - val_mse: 0.0053
Epoch 61/75
35/35 - 0s - loss: 0.0052 - mse: 0.0052 - val_loss: 0.0053 - val_mse: 0.0053
Epoch 62/75
35/35 - 0s - loss: 0.0052 - mse: 0.0052 - val_loss: 0.0053 - val_mse: 0.0053
Epoch 63/75
35/35 - 0s - loss: 0.0052 - mse: 0.0052 - val_loss: 0.0053 - val_mse: 0.0053
Epoch 64/75
35/35 - 0s - loss: 0.0051 - mse: 0.0051 - val_loss: 0.0054 - val_mse: 0.0054
Epoch 65/75
35/35 - 0s - loss: 0.0052 - mse: 0.0052 - val_loss: 0.0053 - val_mse: 0.0053
Epoch 66/75
35/35 - 0s - loss: 0.0051 - mse: 0.0051 - val_loss: 0.0052 - val_mse: 0.0052
Epoch 67/75
35/35 - 0s - loss: 0.0051 - mse: 0.0051 - val_loss: 0.0053 - val_mse: 0.0053
Epoch 68/75
35/35 - 0s - loss: 0.0051 - mse: 0.0051 - val_loss: 0.0052 - val_mse: 0.0052
Epoch 69/75
35/35 - 0s - loss: 0.0051 - mse: 0.0051 - val_loss: 0.0052 - val_mse: 0.0052
Epoch 70/75
35/35 - 0s - loss: 0.0050 - mse: 0.0050 - val_loss: 0.0052 - val_mse: 0.0052
Epoch 71/75
35/35 - 0s - loss: 0.0050 - mse: 0.0050 - val_loss: 0.0052 - val_mse: 0.0052
Epoch 72/75
35/35 - 0s - loss: 0.0050 - mse: 0.0050 - val_loss: 0.0052 - val_mse: 0.0052
Epoch 73/75
35/35 - 0s - loss: 0.0050 - mse: 0.0050 - val_loss: 0.0052 - val_mse: 0.0052
Epoch 74/75
35/35 - 0s - loss: 0.0049 - mse: 0.0049 - val_loss: 0.0053 - val_mse: 0.0053
Epoch 75/75
35/35 - 0s - loss: 0.0049 - mse: 0.0049 - val_loss: 0.0052 - val_mse: 0.0052
...analysing 5th feature...
Epoch 1/75
35/35 - 0s - loss: 0.1809 - mse: 0.1809 - val_loss: 0.1143 - val_mse: 0.1143
Epoch 2/75
35/35 - 0s - loss: 0.1053 - mse: 0.1053 - val_loss: 0.0812 - val_mse: 0.0812
Epoch 3/75
35/35 - 0s - loss: 0.0757 - mse: 0.0757 - val_loss: 0.0603 - val_mse: 0.0603
Epoch 4/75
35/35 - 0s - loss: 0.0570 - mse: 0.0570 - val_loss: 0.0460 - val_mse: 0.0460
Epoch 5/75
35/35 - 0s - loss: 0.0443 - mse: 0.0443 - val_loss: 0.0367 - val_mse: 0.0367
Epoch 6/75
35/35 - 0s - loss: 0.0359 - mse: 0.0359 - val_loss: 0.0299 - val_mse: 0.0299
Epoch 7/75
35/35 - 0s - loss: 0.0302 - mse: 0.0302 - val_loss: 0.0255 - val_mse: 0.0255
Epoch 8/75
35/35 - 0s - loss: 0.0262 - mse: 0.0262 - val_loss: 0.0218 - val_mse: 0.0218
Epoch 9/75
35/35 - 0s - loss: 0.0232 - mse: 0.0232 - val_loss: 0.0192 - val_mse: 0.0192
Epoch 10/75
35/35 - 0s - loss: 0.0210 - mse: 0.0210 - val_loss: 0.0173 - val_mse: 0.0173
Epoch 11/75
35/35 - 0s - loss: 0.0195 - mse: 0.0195 - val_loss: 0.0159 - val_mse: 0.0159
Epoch 12/75
35/35 - 0s - loss: 0.0181 - mse: 0.0181 - val_loss: 0.0148 - val_mse: 0.0148
Epoch 13/75
35/35 - 0s - loss: 0.0169 - mse: 0.0169 - val_loss: 0.0134 - val_mse: 0.0134
Epoch 14/75
35/35 - 0s - loss: 0.0161 - mse: 0.0161 - val_loss: 0.0127 - val_mse: 0.0127
Epoch 15/75
35/35 - 0s - loss: 0.0152 - mse: 0.0152 - val_loss: 0.0119 - val_mse: 0.0119
Epoch 16/75
35/35 - 0s - loss: 0.0147 - mse: 0.0147 - val_loss: 0.0111 - val_mse: 0.0111
Epoch 17/75
35/35 - 0s - loss: 0.0140 - mse: 0.0140 - val_loss: 0.0107 - val_mse: 0.0107
Epoch 18/75
35/35 - 0s - loss: 0.0135 - mse: 0.0135 - val_loss: 0.0101 - val_mse: 0.0101
Epoch 19/75
35/35 - 0s - loss: 0.0131 - mse: 0.0131 - val_loss: 0.0097 - val_mse: 0.0097
Epoch 20/75
35/35 - 0s - loss: 0.0126 - mse: 0.0126 - val_loss: 0.0093 - val_mse: 0.0093
Epoch 21/75
35/35 - 0s - loss: 0.0122 - mse: 0.0122 - val_loss: 0.0092 - val_mse: 0.0092
Epoch 22/75
35/35 - 0s - loss: 0.0119 - mse: 0.0119 - val_loss: 0.0088 - val_mse: 0.0088
Epoch 23/75
35/35 - 0s - loss: 0.0115 - mse: 0.0115 - val_loss: 0.0084 - val_mse: 0.0084
Epoch 24/75
35/35 - 0s - loss: 0.0112 - mse: 0.0112 - val_loss: 0.0082 - val_mse: 0.0082
Epoch 25/75
35/35 - 0s - loss: 0.0110 - mse: 0.0110 - val_loss: 0.0080 - val_mse: 0.0080
Epoch 26/75
35/35 - 0s - loss: 0.0107 - mse: 0.0107 - val_loss: 0.0078 - val_mse: 0.0078
Epoch 27/75
35/35 - 0s - loss: 0.0106 - mse: 0.0106 - val_loss: 0.0077 - val_mse: 0.0077
Epoch 28/75
35/35 - 0s - loss: 0.0103 - mse: 0.0103 - val_loss: 0.0076 - val_mse: 0.0076
Epoch 29/75
35/35 - 0s - loss: 0.0101 - mse: 0.0101 - val_loss: 0.0074 - val_mse: 0.0074
Epoch 30/75
35/35 - 0s - loss: 0.0099 - mse: 0.0099 - val_loss: 0.0073 - val_mse: 0.0073
Epoch 31/75
35/35 - 0s - loss: 0.0097 - mse: 0.0097 - val_loss: 0.0073 - val_mse: 0.0073
Epoch 32/75
35/35 - 0s - loss: 0.0096 - mse: 0.0096 - val_loss: 0.0071 - val_mse: 0.0071
Epoch 33/75
35/35 - 0s - loss: 0.0094 - mse: 0.0094 - val_loss: 0.0070 - val_mse: 0.0070
Epoch 34/75
35/35 - 0s - loss: 0.0092 - mse: 0.0092 - val_loss: 0.0071 - val_mse: 0.0071
Epoch 35/75
35/35 - 0s - loss: 0.0090 - mse: 0.0090 - val_loss: 0.0070 - val_mse: 0.0070
Epoch 36/75
35/35 - 0s - loss: 0.0089 - mse: 0.0089 - val_loss: 0.0068 - val_mse: 0.0068
Epoch 37/75
35/35 - 0s - loss: 0.0088 - mse: 0.0088 - val_loss: 0.0068 - val_mse: 0.0068
Epoch 38/75
35/35 - 0s - loss: 0.0086 - mse: 0.0086 - val_loss: 0.0067 - val_mse: 0.0067
Epoch 39/75
35/35 - 0s - loss: 0.0085 - mse: 0.0085 - val_loss: 0.0066 - val_mse: 0.0066
Epoch 40/75
35/35 - 0s - loss: 0.0084 - mse: 0.0084 - val_loss: 0.0065 - val_mse: 0.0065
Epoch 41/75
35/35 - 0s - loss: 0.0083 - mse: 0.0083 - val_loss: 0.0065 - val_mse: 0.0065
Epoch 42/75
35/35 - 0s - loss: 0.0081 - mse: 0.0081 - val_loss: 0.0064 - val_mse: 0.0064
Epoch 43/75
35/35 - 0s - loss: 0.0081 - mse: 0.0081 - val_loss: 0.0064 - val_mse: 0.0064
Epoch 44/75
35/35 - 0s - loss: 0.0080 - mse: 0.0080 - val_loss: 0.0064 - val_mse: 0.0064
Epoch 45/75
35/35 - 0s - loss: 0.0079 - mse: 0.0079 - val_loss: 0.0063 - val_mse: 0.0063
Epoch 46/75
35/35 - 0s - loss: 0.0078 - mse: 0.0078 - val_loss: 0.0063 - val_mse: 0.0063
Epoch 47/75
35/35 - 0s - loss: 0.0077 - mse: 0.0077 - val_loss: 0.0063 - val_mse: 0.0063
Epoch 48/75
35/35 - 0s - loss: 0.0076 - mse: 0.0076 - val_loss: 0.0062 - val_mse: 0.0062
Epoch 49/75
35/35 - 0s - loss: 0.0076 - mse: 0.0076 - val_loss: 0.0063 - val_mse: 0.0063
Epoch 50/75
35/35 - 0s - loss: 0.0075 - mse: 0.0075 - val_loss: 0.0062 - val_mse: 0.0062
Epoch 51/75
35/35 - 0s - loss: 0.0074 - mse: 0.0074 - val_loss: 0.0063 - val_mse: 0.0063
Epoch 52/75
35/35 - 0s - loss: 0.0074 - mse: 0.0074 - val_loss: 0.0062 - val_mse: 0.0062
Epoch 53/75
35/35 - 0s - loss: 0.0073 - mse: 0.0073 - val_loss: 0.0061 - val_mse: 0.0061
Epoch 54/75
35/35 - 0s - loss: 0.0073 - mse: 0.0073 - val_loss: 0.0062 - val_mse: 0.0062
Epoch 55/75
35/35 - 0s - loss: 0.0072 - mse: 0.0072 - val_loss: 0.0061 - val_mse: 0.0061
Epoch 56/75
35/35 - 0s - loss: 0.0071 - mse: 0.0071 - val_loss: 0.0060 - val_mse: 0.0060
Epoch 57/75
35/35 - 0s - loss: 0.0071 - mse: 0.0071 - val_loss: 0.0061 - val_mse: 0.0061
Epoch 58/75
35/35 - 0s - loss: 0.0070 - mse: 0.0070 - val_loss: 0.0061 - val_mse: 0.0061
Epoch 59/75
35/35 - 0s - loss: 0.0070 - mse: 0.0070 - val_loss: 0.0061 - val_mse: 0.0061
Epoch 60/75
35/35 - 0s - loss: 0.0069 - mse: 0.0069 - val_loss: 0.0060 - val_mse: 0.0060
Epoch 61/75
35/35 - 0s - loss: 0.0069 - mse: 0.0069 - val_loss: 0.0061 - val_mse: 0.0061
Epoch 62/75
35/35 - 0s - loss: 0.0068 - mse: 0.0068 - val_loss: 0.0061 - val_mse: 0.0061
Epoch 63/75
35/35 - 0s - loss: 0.0068 - mse: 0.0068 - val_loss: 0.0059 - val_mse: 0.0059
Epoch 64/75
35/35 - 0s - loss: 0.0067 - mse: 0.0067 - val_loss: 0.0062 - val_mse: 0.0062
Epoch 65/75
35/35 - 0s - loss: 0.0067 - mse: 0.0067 - val_loss: 0.0060 - val_mse: 0.0060
Epoch 66/75
35/35 - 0s - loss: 0.0065 - mse: 0.0065 - val_loss: 0.0059 - val_mse: 0.0059
Epoch 67/75
35/35 - 0s - loss: 0.0066 - mse: 0.0066 - val_loss: 0.0059 - val_mse: 0.0059
Epoch 68/75
35/35 - 0s - loss: 0.0066 - mse: 0.0066 - val_loss: 0.0059 - val_mse: 0.0059
Epoch 69/75
35/35 - 0s - loss: 0.0066 - mse: 0.0066 - val_loss: 0.0059 - val_mse: 0.0059
Epoch 70/75
35/35 - 0s - loss: 0.0065 - mse: 0.0065 - val_loss: 0.0059 - val_mse: 0.0059
Epoch 71/75
35/35 - 0s - loss: 0.0065 - mse: 0.0065 - val_loss: 0.0059 - val_mse: 0.0059
Epoch 72/75
35/35 - 0s - loss: 0.0064 - mse: 0.0064 - val_loss: 0.0059 - val_mse: 0.0059
Epoch 73/75
35/35 - 0s - loss: 0.0064 - mse: 0.0064 - val_loss: 0.0058 - val_mse: 0.0058
Epoch 74/75
35/35 - 0s - loss: 0.0064 - mse: 0.0064 - val_loss: 0.0060 - val_mse: 0.0060
Epoch 75/75
35/35 - 0s - loss: 0.0064 - mse: 0.0064 - val_loss: 0.0058 - val_mse: 0.0058
...analysing 6th feature...
Epoch 1/75
35/35 - 0s - loss: 0.4909 - mse: 0.4909 - val_loss: 0.2275 - val_mse: 0.2275
Epoch 2/75
35/35 - 0s - loss: 0.1756 - mse: 0.1756 - val_loss: 0.1460 - val_mse: 0.1460
Epoch 3/75
35/35 - 0s - loss: 0.1200 - mse: 0.1200 - val_loss: 0.1066 - val_mse: 0.1066
Epoch 4/75
35/35 - 0s - loss: 0.0895 - mse: 0.0895 - val_loss: 0.0812 - val_mse: 0.0812
Epoch 5/75
35/35 - 0s - loss: 0.0699 - mse: 0.0699 - val_loss: 0.0643 - val_mse: 0.0643
Epoch 6/75
35/35 - 0s - loss: 0.0563 - mse: 0.0563 - val_loss: 0.0536 - val_mse: 0.0536
Epoch 7/75
35/35 - 0s - loss: 0.0466 - mse: 0.0466 - val_loss: 0.0449 - val_mse: 0.0449
Epoch 8/75
35/35 - 0s - loss: 0.0396 - mse: 0.0396 - val_loss: 0.0395 - val_mse: 0.0395
Epoch 9/75
35/35 - 0s - loss: 0.0345 - mse: 0.0345 - val_loss: 0.0340 - val_mse: 0.0340
Epoch 10/75
35/35 - 0s - loss: 0.0306 - mse: 0.0306 - val_loss: 0.0310 - val_mse: 0.0310
Epoch 11/75
35/35 - 0s - loss: 0.0276 - mse: 0.0276 - val_loss: 0.0278 - val_mse: 0.0278
Epoch 12/75
35/35 - 0s - loss: 0.0252 - mse: 0.0252 - val_loss: 0.0255 - val_mse: 0.0255
Epoch 13/75
35/35 - 0s - loss: 0.0232 - mse: 0.0232 - val_loss: 0.0237 - val_mse: 0.0237
Epoch 14/75
35/35 - 0s - loss: 0.0215 - mse: 0.0215 - val_loss: 0.0221 - val_mse: 0.0221
Epoch 15/75
35/35 - 0s - loss: 0.0201 - mse: 0.0201 - val_loss: 0.0209 - val_mse: 0.0209
Epoch 16/75
35/35 - 0s - loss: 0.0189 - mse: 0.0189 - val_loss: 0.0201 - val_mse: 0.0201
Epoch 17/75
35/35 - 0s - loss: 0.0178 - mse: 0.0178 - val_loss: 0.0194 - val_mse: 0.0194
Epoch 18/75
35/35 - 0s - loss: 0.0170 - mse: 0.0170 - val_loss: 0.0183 - val_mse: 0.0183
Epoch 19/75
35/35 - 0s - loss: 0.0163 - mse: 0.0163 - val_loss: 0.0175 - val_mse: 0.0175
Epoch 20/75
35/35 - 0s - loss: 0.0155 - mse: 0.0155 - val_loss: 0.0171 - val_mse: 0.0171
Epoch 21/75
35/35 - 0s - loss: 0.0149 - mse: 0.0149 - val_loss: 0.0163 - val_mse: 0.0163
Epoch 22/75
35/35 - 0s - loss: 0.0143 - mse: 0.0143 - val_loss: 0.0159 - val_mse: 0.0159
Epoch 23/75
35/35 - 0s - loss: 0.0139 - mse: 0.0139 - val_loss: 0.0156 - val_mse: 0.0156
Epoch 24/75
35/35 - 0s - loss: 0.0134 - mse: 0.0134 - val_loss: 0.0151 - val_mse: 0.0151
Epoch 25/75
35/35 - 0s - loss: 0.0130 - mse: 0.0130 - val_loss: 0.0146 - val_mse: 0.0146
Epoch 26/75
35/35 - 0s - loss: 0.0127 - mse: 0.0127 - val_loss: 0.0144 - val_mse: 0.0144
Epoch 27/75
35/35 - 0s - loss: 0.0123 - mse: 0.0123 - val_loss: 0.0141 - val_mse: 0.0141
Epoch 28/75
35/35 - 0s - loss: 0.0120 - mse: 0.0120 - val_loss: 0.0137 - val_mse: 0.0137
Epoch 29/75
35/35 - 0s - loss: 0.0117 - mse: 0.0117 - val_loss: 0.0135 - val_mse: 0.0135
Epoch 30/75
35/35 - 0s - loss: 0.0114 - mse: 0.0114 - val_loss: 0.0132 - val_mse: 0.0132
Epoch 31/75
35/35 - 0s - loss: 0.0111 - mse: 0.0111 - val_loss: 0.0129 - val_mse: 0.0129
Epoch 32/75
35/35 - 0s - loss: 0.0109 - mse: 0.0109 - val_loss: 0.0128 - val_mse: 0.0128
Epoch 33/75
35/35 - 0s - loss: 0.0107 - mse: 0.0107 - val_loss: 0.0126 - val_mse: 0.0126
Epoch 34/75
35/35 - 0s - loss: 0.0104 - mse: 0.0104 - val_loss: 0.0122 - val_mse: 0.0122
Epoch 35/75
35/35 - 0s - loss: 0.0102 - mse: 0.0102 - val_loss: 0.0120 - val_mse: 0.0120
Epoch 36/75
35/35 - 0s - loss: 0.0100 - mse: 0.0100 - val_loss: 0.0119 - val_mse: 0.0119
Epoch 37/75
35/35 - 0s - loss: 0.0098 - mse: 0.0098 - val_loss: 0.0117 - val_mse: 0.0117
Epoch 38/75
35/35 - 0s - loss: 0.0096 - mse: 0.0096 - val_loss: 0.0115 - val_mse: 0.0115
Epoch 39/75
35/35 - 0s - loss: 0.0094 - mse: 0.0094 - val_loss: 0.0115 - val_mse: 0.0115
Epoch 40/75
35/35 - 0s - loss: 0.0093 - mse: 0.0093 - val_loss: 0.0113 - val_mse: 0.0113
Epoch 41/75
35/35 - 0s - loss: 0.0092 - mse: 0.0092 - val_loss: 0.0111 - val_mse: 0.0111
Epoch 42/75
35/35 - 0s - loss: 0.0090 - mse: 0.0090 - val_loss: 0.0111 - val_mse: 0.0111
Epoch 43/75
35/35 - 0s - loss: 0.0089 - mse: 0.0089 - val_loss: 0.0107 - val_mse: 0.0107
Epoch 44/75
35/35 - 0s - loss: 0.0087 - mse: 0.0087 - val_loss: 0.0109 - val_mse: 0.0109
Epoch 45/75
35/35 - 0s - loss: 0.0086 - mse: 0.0086 - val_loss: 0.0105 - val_mse: 0.0105
Epoch 46/75
35/35 - 0s - loss: 0.0084 - mse: 0.0084 - val_loss: 0.0105 - val_mse: 0.0105
Epoch 47/75
35/35 - 0s - loss: 0.0083 - mse: 0.0083 - val_loss: 0.0103 - val_mse: 0.0103
Epoch 48/75
35/35 - 0s - loss: 0.0082 - mse: 0.0082 - val_loss: 0.0103 - val_mse: 0.0103
Epoch 49/75
35/35 - 0s - loss: 0.0081 - mse: 0.0081 - val_loss: 0.0102 - val_mse: 0.0102
Epoch 50/75
35/35 - 0s - loss: 0.0080 - mse: 0.0080 - val_loss: 0.0100 - val_mse: 0.0100
Epoch 51/75
35/35 - 0s - loss: 0.0079 - mse: 0.0079 - val_loss: 0.0098 - val_mse: 0.0098
Epoch 52/75
35/35 - 0s - loss: 0.0078 - mse: 0.0078 - val_loss: 0.0098 - val_mse: 0.0098
Epoch 53/75
35/35 - 0s - loss: 0.0077 - mse: 0.0077 - val_loss: 0.0097 - val_mse: 0.0097
Epoch 54/75
35/35 - 0s - loss: 0.0077 - mse: 0.0077 - val_loss: 0.0095 - val_mse: 0.0095
Epoch 55/75
35/35 - 0s - loss: 0.0075 - mse: 0.0075 - val_loss: 0.0095 - val_mse: 0.0095
Epoch 56/75
35/35 - 0s - loss: 0.0074 - mse: 0.0074 - val_loss: 0.0095 - val_mse: 0.0095
Epoch 57/75
35/35 - 0s - loss: 0.0074 - mse: 0.0074 - val_loss: 0.0093 - val_mse: 0.0093
Epoch 58/75
35/35 - 0s - loss: 0.0073 - mse: 0.0073 - val_loss: 0.0092 - val_mse: 0.0092
Epoch 59/75
35/35 - 0s - loss: 0.0072 - mse: 0.0072 - val_loss: 0.0091 - val_mse: 0.0091
Epoch 60/75
35/35 - 0s - loss: 0.0071 - mse: 0.0071 - val_loss: 0.0091 - val_mse: 0.0091
Epoch 61/75
35/35 - 0s - loss: 0.0071 - mse: 0.0071 - val_loss: 0.0090 - val_mse: 0.0090
Epoch 62/75
35/35 - 0s - loss: 0.0070 - mse: 0.0070 - val_loss: 0.0089 - val_mse: 0.0089
Epoch 63/75
35/35 - 0s - loss: 0.0069 - mse: 0.0069 - val_loss: 0.0089 - val_mse: 0.0089
Epoch 64/75
35/35 - 0s - loss: 0.0069 - mse: 0.0069 - val_loss: 0.0088 - val_mse: 0.0088
Epoch 65/75
35/35 - 0s - loss: 0.0068 - mse: 0.0068 - val_loss: 0.0087 - val_mse: 0.0087
Epoch 66/75
35/35 - 0s - loss: 0.0066 - mse: 0.0066 - val_loss: 0.0089 - val_mse: 0.0089
Epoch 67/75
35/35 - 0s - loss: 0.0067 - mse: 0.0067 - val_loss: 0.0086 - val_mse: 0.0086
Epoch 68/75
35/35 - 0s - loss: 0.0066 - mse: 0.0066 - val_loss: 0.0086 - val_mse: 0.0086
Epoch 69/75
35/35 - 0s - loss: 0.0066 - mse: 0.0066 - val_loss: 0.0086 - val_mse: 0.0086
Epoch 70/75
35/35 - 0s - loss: 0.0065 - mse: 0.0065 - val_loss: 0.0084 - val_mse: 0.0084
Epoch 71/75
35/35 - 0s - loss: 0.0064 - mse: 0.0064 - val_loss: 0.0085 - val_mse: 0.0085
Epoch 72/75
35/35 - 0s - loss: 0.0064 - mse: 0.0064 - val_loss: 0.0084 - val_mse: 0.0084
Epoch 73/75
35/35 - 0s - loss: 0.0063 - mse: 0.0063 - val_loss: 0.0083 - val_mse: 0.0083
Epoch 74/75
35/35 - 0s - loss: 0.0063 - mse: 0.0063 - val_loss: 0.0083 - val_mse: 0.0083
Epoch 75/75
35/35 - 0s - loss: 0.0063 - mse: 0.0063 - val_loss: 0.0083 - val_mse: 0.0083
...subset length 6...
...analysing 0th feature...
Epoch 1/75
35/35 - 0s - loss: 0.2896 - mse: 0.2896 - val_loss: 0.1317 - val_mse: 0.1317
Epoch 2/75
35/35 - 0s - loss: 0.1227 - mse: 0.1227 - val_loss: 0.0911 - val_mse: 0.0911
Epoch 3/75
35/35 - 0s - loss: 0.0878 - mse: 0.0878 - val_loss: 0.0706 - val_mse: 0.0706
Epoch 4/75
35/35 - 0s - loss: 0.0688 - mse: 0.0688 - val_loss: 0.0579 - val_mse: 0.0579
Epoch 5/75
35/35 - 0s - loss: 0.0563 - mse: 0.0563 - val_loss: 0.0497 - val_mse: 0.0497
Epoch 6/75
35/35 - 0s - loss: 0.0477 - mse: 0.0477 - val_loss: 0.0428 - val_mse: 0.0428
Epoch 7/75
35/35 - 0s - loss: 0.0414 - mse: 0.0414 - val_loss: 0.0382 - val_mse: 0.0382
Epoch 8/75
35/35 - 0s - loss: 0.0364 - mse: 0.0364 - val_loss: 0.0344 - val_mse: 0.0344
Epoch 9/75
35/35 - 0s - loss: 0.0326 - mse: 0.0326 - val_loss: 0.0317 - val_mse: 0.0317
Epoch 10/75
35/35 - 0s - loss: 0.0295 - mse: 0.0295 - val_loss: 0.0291 - val_mse: 0.0291
Epoch 11/75
35/35 - 0s - loss: 0.0270 - mse: 0.0270 - val_loss: 0.0273 - val_mse: 0.0273
Epoch 12/75
35/35 - 0s - loss: 0.0247 - mse: 0.0247 - val_loss: 0.0256 - val_mse: 0.0256
Epoch 13/75
35/35 - 0s - loss: 0.0229 - mse: 0.0229 - val_loss: 0.0240 - val_mse: 0.0240
Epoch 14/75
35/35 - 0s - loss: 0.0213 - mse: 0.0213 - val_loss: 0.0228 - val_mse: 0.0228
Epoch 15/75
35/35 - 0s - loss: 0.0200 - mse: 0.0200 - val_loss: 0.0217 - val_mse: 0.0217
Epoch 16/75
35/35 - 0s - loss: 0.0188 - mse: 0.0188 - val_loss: 0.0207 - val_mse: 0.0207
Epoch 17/75
35/35 - 0s - loss: 0.0176 - mse: 0.0176 - val_loss: 0.0198 - val_mse: 0.0198
Epoch 18/75
35/35 - 0s - loss: 0.0167 - mse: 0.0167 - val_loss: 0.0189 - val_mse: 0.0189
Epoch 19/75
35/35 - 0s - loss: 0.0159 - mse: 0.0159 - val_loss: 0.0182 - val_mse: 0.0182
Epoch 20/75
35/35 - 0s - loss: 0.0151 - mse: 0.0151 - val_loss: 0.0177 - val_mse: 0.0177
Epoch 21/75
35/35 - 0s - loss: 0.0144 - mse: 0.0144 - val_loss: 0.0170 - val_mse: 0.0170
Epoch 22/75
35/35 - 0s - loss: 0.0138 - mse: 0.0138 - val_loss: 0.0164 - val_mse: 0.0164
Epoch 23/75
35/35 - 0s - loss: 0.0133 - mse: 0.0133 - val_loss: 0.0158 - val_mse: 0.0158
Epoch 24/75
35/35 - 0s - loss: 0.0127 - mse: 0.0127 - val_loss: 0.0155 - val_mse: 0.0155
Epoch 25/75
35/35 - 0s - loss: 0.0123 - mse: 0.0123 - val_loss: 0.0150 - val_mse: 0.0150
Epoch 26/75
35/35 - 0s - loss: 0.0118 - mse: 0.0118 - val_loss: 0.0145 - val_mse: 0.0145
Epoch 27/75
35/35 - 0s - loss: 0.0115 - mse: 0.0115 - val_loss: 0.0141 - val_mse: 0.0141
Epoch 28/75
35/35 - 0s - loss: 0.0111 - mse: 0.0111 - val_loss: 0.0138 - val_mse: 0.0138
Epoch 29/75
35/35 - 0s - loss: 0.0107 - mse: 0.0107 - val_loss: 0.0135 - val_mse: 0.0135
Epoch 30/75
35/35 - 0s - loss: 0.0103 - mse: 0.0103 - val_loss: 0.0135 - val_mse: 0.0135
Epoch 31/75
35/35 - 0s - loss: 0.0102 - mse: 0.0102 - val_loss: 0.0131 - val_mse: 0.0131
Epoch 32/75
35/35 - 0s - loss: 0.0099 - mse: 0.0099 - val_loss: 0.0129 - val_mse: 0.0129
Epoch 33/75
35/35 - 0s - loss: 0.0097 - mse: 0.0097 - val_loss: 0.0125 - val_mse: 0.0125
Epoch 34/75
35/35 - 0s - loss: 0.0094 - mse: 0.0094 - val_loss: 0.0122 - val_mse: 0.0122
Epoch 35/75
35/35 - 0s - loss: 0.0092 - mse: 0.0092 - val_loss: 0.0121 - val_mse: 0.0121
Epoch 36/75
35/35 - 0s - loss: 0.0090 - mse: 0.0090 - val_loss: 0.0119 - val_mse: 0.0119
Epoch 37/75
35/35 - 0s - loss: 0.0089 - mse: 0.0089 - val_loss: 0.0118 - val_mse: 0.0118
Epoch 38/75
35/35 - 0s - loss: 0.0087 - mse: 0.0087 - val_loss: 0.0115 - val_mse: 0.0115
Epoch 39/75
35/35 - 0s - loss: 0.0085 - mse: 0.0085 - val_loss: 0.0114 - val_mse: 0.0114
Epoch 40/75
35/35 - 0s - loss: 0.0084 - mse: 0.0084 - val_loss: 0.0112 - val_mse: 0.0112
Epoch 41/75
35/35 - 0s - loss: 0.0082 - mse: 0.0082 - val_loss: 0.0110 - val_mse: 0.0110
Epoch 42/75
35/35 - 0s - loss: 0.0081 - mse: 0.0081 - val_loss: 0.0109 - val_mse: 0.0109
Epoch 43/75
35/35 - 0s - loss: 0.0080 - mse: 0.0080 - val_loss: 0.0108 - val_mse: 0.0108
Epoch 44/75
35/35 - 0s - loss: 0.0078 - mse: 0.0078 - val_loss: 0.0106 - val_mse: 0.0106
Epoch 45/75
35/35 - 0s - loss: 0.0077 - mse: 0.0077 - val_loss: 0.0105 - val_mse: 0.0105
Epoch 46/75
35/35 - 0s - loss: 0.0076 - mse: 0.0076 - val_loss: 0.0104 - val_mse: 0.0104
Epoch 47/75
35/35 - 0s - loss: 0.0075 - mse: 0.0075 - val_loss: 0.0103 - val_mse: 0.0103
Epoch 48/75
35/35 - 0s - loss: 0.0074 - mse: 0.0074 - val_loss: 0.0102 - val_mse: 0.0102
Epoch 49/75
35/35 - 0s - loss: 0.0073 - mse: 0.0073 - val_loss: 0.0101 - val_mse: 0.0101
Epoch 50/75
35/35 - 0s - loss: 0.0072 - mse: 0.0072 - val_loss: 0.0100 - val_mse: 0.0100
Epoch 51/75
35/35 - 0s - loss: 0.0071 - mse: 0.0071 - val_loss: 0.0100 - val_mse: 0.0100
Epoch 52/75
35/35 - 0s - loss: 0.0071 - mse: 0.0071 - val_loss: 0.0098 - val_mse: 0.0098
Epoch 53/75
35/35 - 0s - loss: 0.0070 - mse: 0.0070 - val_loss: 0.0097 - val_mse: 0.0097
Epoch 54/75
35/35 - 0s - loss: 0.0069 - mse: 0.0069 - val_loss: 0.0097 - val_mse: 0.0097
Epoch 55/75
35/35 - 0s - loss: 0.0068 - mse: 0.0068 - val_loss: 0.0095 - val_mse: 0.0095
Epoch 56/75
35/35 - 0s - loss: 0.0068 - mse: 0.0068 - val_loss: 0.0094 - val_mse: 0.0094
Epoch 57/75
35/35 - 0s - loss: 0.0067 - mse: 0.0067 - val_loss: 0.0094 - val_mse: 0.0094
Epoch 58/75
35/35 - 0s - loss: 0.0067 - mse: 0.0067 - val_loss: 0.0094 - val_mse: 0.0094
Epoch 59/75
35/35 - 0s - loss: 0.0066 - mse: 0.0066 - val_loss: 0.0093 - val_mse: 0.0093
Epoch 60/75
35/35 - 0s - loss: 0.0065 - mse: 0.0065 - val_loss: 0.0092 - val_mse: 0.0092
Epoch 61/75
35/35 - 0s - loss: 0.0065 - mse: 0.0065 - val_loss: 0.0091 - val_mse: 0.0091
Epoch 62/75
35/35 - 0s - loss: 0.0064 - mse: 0.0064 - val_loss: 0.0091 - val_mse: 0.0091
Epoch 63/75
35/35 - 0s - loss: 0.0064 - mse: 0.0064 - val_loss: 0.0090 - val_mse: 0.0090
Epoch 64/75
35/35 - 0s - loss: 0.0063 - mse: 0.0063 - val_loss: 0.0090 - val_mse: 0.0090
Epoch 65/75
35/35 - 0s - loss: 0.0063 - mse: 0.0063 - val_loss: 0.0088 - val_mse: 0.0088
Epoch 66/75
35/35 - 0s - loss: 0.0062 - mse: 0.0062 - val_loss: 0.0088 - val_mse: 0.0088
Epoch 67/75
35/35 - 0s - loss: 0.0062 - mse: 0.0062 - val_loss: 0.0088 - val_mse: 0.0088
Epoch 68/75
35/35 - 0s - loss: 0.0061 - mse: 0.0061 - val_loss: 0.0087 - val_mse: 0.0087
Epoch 69/75
35/35 - 0s - loss: 0.0061 - mse: 0.0061 - val_loss: 0.0087 - val_mse: 0.0087
Epoch 70/75
35/35 - 0s - loss: 0.0060 - mse: 0.0060 - val_loss: 0.0086 - val_mse: 0.0086
Epoch 71/75
35/35 - 0s - loss: 0.0060 - mse: 0.0060 - val_loss: 0.0085 - val_mse: 0.0085
Epoch 72/75
35/35 - 0s - loss: 0.0060 - mse: 0.0060 - val_loss: 0.0085 - val_mse: 0.0085
Epoch 73/75
35/35 - 0s - loss: 0.0059 - mse: 0.0059 - val_loss: 0.0085 - val_mse: 0.0085
Epoch 74/75
35/35 - 0s - loss: 0.0059 - mse: 0.0059 - val_loss: 0.0085 - val_mse: 0.0085
Epoch 75/75
35/35 - 0s - loss: 0.0059 - mse: 0.0059 - val_loss: 0.0084 - val_mse: 0.0084
...analysing 1th feature...
Epoch 1/75
35/35 - 0s - loss: 0.1850 - mse: 0.1850 - val_loss: 0.0938 - val_mse: 0.0938
Epoch 2/75
35/35 - 0s - loss: 0.0544 - mse: 0.0544 - val_loss: 0.0482 - val_mse: 0.0482
Epoch 3/75
35/35 - 0s - loss: 0.0367 - mse: 0.0367 - val_loss: 0.0413 - val_mse: 0.0413
Epoch 4/75
35/35 - 0s - loss: 0.0322 - mse: 0.0322 - val_loss: 0.0371 - val_mse: 0.0371
Epoch 5/75
35/35 - 0s - loss: 0.0293 - mse: 0.0293 - val_loss: 0.0338 - val_mse: 0.0338
Epoch 6/75
35/35 - 0s - loss: 0.0268 - mse: 0.0268 - val_loss: 0.0311 - val_mse: 0.0311
Epoch 7/75
35/35 - 0s - loss: 0.0246 - mse: 0.0246 - val_loss: 0.0289 - val_mse: 0.0289
Epoch 8/75
35/35 - 0s - loss: 0.0228 - mse: 0.0228 - val_loss: 0.0267 - val_mse: 0.0267
Epoch 9/75
35/35 - 0s - loss: 0.0214 - mse: 0.0214 - val_loss: 0.0251 - val_mse: 0.0251
Epoch 10/75
35/35 - 0s - loss: 0.0201 - mse: 0.0201 - val_loss: 0.0236 - val_mse: 0.0236
Epoch 11/75
35/35 - 0s - loss: 0.0188 - mse: 0.0188 - val_loss: 0.0224 - val_mse: 0.0224
Epoch 12/75
35/35 - 0s - loss: 0.0178 - mse: 0.0178 - val_loss: 0.0213 - val_mse: 0.0213
Epoch 13/75
35/35 - 0s - loss: 0.0169 - mse: 0.0169 - val_loss: 0.0203 - val_mse: 0.0203
Epoch 14/75
35/35 - 0s - loss: 0.0162 - mse: 0.0162 - val_loss: 0.0195 - val_mse: 0.0195
Epoch 15/75
35/35 - 0s - loss: 0.0155 - mse: 0.0155 - val_loss: 0.0187 - val_mse: 0.0187
Epoch 16/75
35/35 - 0s - loss: 0.0150 - mse: 0.0150 - val_loss: 0.0181 - val_mse: 0.0181
Epoch 17/75
35/35 - 0s - loss: 0.0143 - mse: 0.0143 - val_loss: 0.0175 - val_mse: 0.0175
Epoch 18/75
35/35 - 0s - loss: 0.0139 - mse: 0.0139 - val_loss: 0.0169 - val_mse: 0.0169
Epoch 19/75
35/35 - 0s - loss: 0.0135 - mse: 0.0135 - val_loss: 0.0165 - val_mse: 0.0165
Epoch 20/75
35/35 - 0s - loss: 0.0130 - mse: 0.0130 - val_loss: 0.0160 - val_mse: 0.0160
Epoch 21/75
35/35 - 0s - loss: 0.0127 - mse: 0.0127 - val_loss: 0.0156 - val_mse: 0.0156
Epoch 22/75
35/35 - 0s - loss: 0.0123 - mse: 0.0123 - val_loss: 0.0152 - val_mse: 0.0152
Epoch 23/75
35/35 - 0s - loss: 0.0120 - mse: 0.0120 - val_loss: 0.0148 - val_mse: 0.0148
Epoch 24/75
35/35 - 0s - loss: 0.0116 - mse: 0.0116 - val_loss: 0.0145 - val_mse: 0.0145
Epoch 25/75
35/35 - 0s - loss: 0.0114 - mse: 0.0114 - val_loss: 0.0142 - val_mse: 0.0142
Epoch 26/75
35/35 - 0s - loss: 0.0111 - mse: 0.0111 - val_loss: 0.0139 - val_mse: 0.0139
Epoch 27/75
35/35 - 0s - loss: 0.0109 - mse: 0.0109 - val_loss: 0.0137 - val_mse: 0.0137
Epoch 28/75
35/35 - 0s - loss: 0.0106 - mse: 0.0106 - val_loss: 0.0135 - val_mse: 0.0135
Epoch 29/75
35/35 - 0s - loss: 0.0104 - mse: 0.0104 - val_loss: 0.0132 - val_mse: 0.0132
Epoch 30/75
35/35 - 0s - loss: 0.0101 - mse: 0.0101 - val_loss: 0.0131 - val_mse: 0.0131
Epoch 31/75
35/35 - 0s - loss: 0.0101 - mse: 0.0101 - val_loss: 0.0128 - val_mse: 0.0128
Epoch 32/75
35/35 - 0s - loss: 0.0098 - mse: 0.0098 - val_loss: 0.0126 - val_mse: 0.0126
Epoch 33/75
35/35 - 0s - loss: 0.0096 - mse: 0.0096 - val_loss: 0.0124 - val_mse: 0.0124
Epoch 34/75
35/35 - 0s - loss: 0.0095 - mse: 0.0095 - val_loss: 0.0123 - val_mse: 0.0123
Epoch 35/75
35/35 - 0s - loss: 0.0094 - mse: 0.0094 - val_loss: 0.0121 - val_mse: 0.0121
Epoch 36/75
35/35 - 0s - loss: 0.0092 - mse: 0.0092 - val_loss: 0.0120 - val_mse: 0.0120
Epoch 37/75
35/35 - 0s - loss: 0.0091 - mse: 0.0091 - val_loss: 0.0118 - val_mse: 0.0118
Epoch 38/75
35/35 - 0s - loss: 0.0089 - mse: 0.0089 - val_loss: 0.0117 - val_mse: 0.0117
Epoch 39/75
35/35 - 0s - loss: 0.0088 - mse: 0.0088 - val_loss: 0.0116 - val_mse: 0.0116
Epoch 40/75
35/35 - 0s - loss: 0.0087 - mse: 0.0087 - val_loss: 0.0115 - val_mse: 0.0115
Epoch 41/75
35/35 - 0s - loss: 0.0086 - mse: 0.0086 - val_loss: 0.0114 - val_mse: 0.0114
Epoch 42/75
35/35 - 0s - loss: 0.0085 - mse: 0.0085 - val_loss: 0.0113 - val_mse: 0.0113
Epoch 43/75
35/35 - 0s - loss: 0.0084 - mse: 0.0084 - val_loss: 0.0111 - val_mse: 0.0111
Epoch 44/75
35/35 - 0s - loss: 0.0083 - mse: 0.0083 - val_loss: 0.0110 - val_mse: 0.0110
Epoch 45/75
35/35 - 0s - loss: 0.0082 - mse: 0.0082 - val_loss: 0.0109 - val_mse: 0.0109
Epoch 46/75
35/35 - 0s - loss: 0.0081 - mse: 0.0081 - val_loss: 0.0108 - val_mse: 0.0108
Epoch 47/75
35/35 - 0s - loss: 0.0080 - mse: 0.0080 - val_loss: 0.0107 - val_mse: 0.0107
Epoch 48/75
35/35 - 0s - loss: 0.0079 - mse: 0.0079 - val_loss: 0.0106 - val_mse: 0.0106
Epoch 49/75
35/35 - 0s - loss: 0.0078 - mse: 0.0078 - val_loss: 0.0105 - val_mse: 0.0105
Epoch 50/75
35/35 - 0s - loss: 0.0078 - mse: 0.0078 - val_loss: 0.0104 - val_mse: 0.0104
Epoch 51/75
35/35 - 0s - loss: 0.0077 - mse: 0.0077 - val_loss: 0.0103 - val_mse: 0.0103
Epoch 52/75
35/35 - 0s - loss: 0.0076 - mse: 0.0076 - val_loss: 0.0102 - val_mse: 0.0102
Epoch 53/75
35/35 - 0s - loss: 0.0075 - mse: 0.0075 - val_loss: 0.0101 - val_mse: 0.0101
Epoch 54/75
35/35 - 0s - loss: 0.0075 - mse: 0.0075 - val_loss: 0.0100 - val_mse: 0.0100
Epoch 55/75
35/35 - 0s - loss: 0.0074 - mse: 0.0074 - val_loss: 0.0100 - val_mse: 0.0100
Epoch 56/75
35/35 - 0s - loss: 0.0073 - mse: 0.0073 - val_loss: 0.0099 - val_mse: 0.0099
Epoch 57/75
35/35 - 0s - loss: 0.0072 - mse: 0.0072 - val_loss: 0.0098 - val_mse: 0.0098
Epoch 58/75
35/35 - 0s - loss: 0.0072 - mse: 0.0072 - val_loss: 0.0097 - val_mse: 0.0097
Epoch 59/75
35/35 - 0s - loss: 0.0071 - mse: 0.0071 - val_loss: 0.0096 - val_mse: 0.0096
Epoch 60/75
35/35 - 0s - loss: 0.0070 - mse: 0.0070 - val_loss: 0.0096 - val_mse: 0.0096
Epoch 61/75
35/35 - 0s - loss: 0.0070 - mse: 0.0070 - val_loss: 0.0095 - val_mse: 0.0095
Epoch 62/75
35/35 - 0s - loss: 0.0069 - mse: 0.0069 - val_loss: 0.0094 - val_mse: 0.0094
Epoch 63/75
35/35 - 0s - loss: 0.0069 - mse: 0.0069 - val_loss: 0.0094 - val_mse: 0.0094
Epoch 64/75
35/35 - 0s - loss: 0.0068 - mse: 0.0068 - val_loss: 0.0094 - val_mse: 0.0094
Epoch 65/75
35/35 - 0s - loss: 0.0068 - mse: 0.0068 - val_loss: 0.0093 - val_mse: 0.0093
Epoch 66/75
35/35 - 0s - loss: 0.0067 - mse: 0.0067 - val_loss: 0.0092 - val_mse: 0.0092
Epoch 67/75
35/35 - 0s - loss: 0.0067 - mse: 0.0067 - val_loss: 0.0091 - val_mse: 0.0091
Epoch 68/75
35/35 - 0s - loss: 0.0066 - mse: 0.0066 - val_loss: 0.0091 - val_mse: 0.0091
Epoch 69/75
35/35 - 0s - loss: 0.0066 - mse: 0.0066 - val_loss: 0.0090 - val_mse: 0.0090
Epoch 70/75
35/35 - 0s - loss: 0.0065 - mse: 0.0065 - val_loss: 0.0090 - val_mse: 0.0090
Epoch 71/75
35/35 - 0s - loss: 0.0064 - mse: 0.0064 - val_loss: 0.0090 - val_mse: 0.0090
Epoch 72/75
35/35 - 0s - loss: 0.0064 - mse: 0.0064 - val_loss: 0.0089 - val_mse: 0.0089
Epoch 73/75
35/35 - 0s - loss: 0.0063 - mse: 0.0063 - val_loss: 0.0089 - val_mse: 0.0089
Epoch 74/75
35/35 - 0s - loss: 0.0063 - mse: 0.0063 - val_loss: 0.0088 - val_mse: 0.0088
Epoch 75/75
35/35 - 0s - loss: 0.0063 - mse: 0.0063 - val_loss: 0.0088 - val_mse: 0.0088
...analysing 2th feature...
Epoch 1/75
35/35 - 0s - loss: 0.1154 - mse: 0.1154 - val_loss: 0.0886 - val_mse: 0.0886
Epoch 2/75
35/35 - 0s - loss: 0.0810 - mse: 0.0810 - val_loss: 0.0700 - val_mse: 0.0700
Epoch 3/75
35/35 - 0s - loss: 0.0645 - mse: 0.0645 - val_loss: 0.0562 - val_mse: 0.0562
Epoch 4/75
35/35 - 0s - loss: 0.0529 - mse: 0.0529 - val_loss: 0.0482 - val_mse: 0.0482
Epoch 5/75
35/35 - 0s - loss: 0.0446 - mse: 0.0446 - val_loss: 0.0407 - val_mse: 0.0407
Epoch 6/75
35/35 - 0s - loss: 0.0379 - mse: 0.0379 - val_loss: 0.0334 - val_mse: 0.0334
Epoch 7/75
35/35 - 0s - loss: 0.0327 - mse: 0.0327 - val_loss: 0.0292 - val_mse: 0.0292
Epoch 8/75
35/35 - 0s - loss: 0.0285 - mse: 0.0285 - val_loss: 0.0249 - val_mse: 0.0249
Epoch 9/75
35/35 - 0s - loss: 0.0251 - mse: 0.0251 - val_loss: 0.0225 - val_mse: 0.0225
Epoch 10/75
35/35 - 0s - loss: 0.0223 - mse: 0.0223 - val_loss: 0.0196 - val_mse: 0.0196
Epoch 11/75
35/35 - 0s - loss: 0.0201 - mse: 0.0201 - val_loss: 0.0180 - val_mse: 0.0180
Epoch 12/75
35/35 - 0s - loss: 0.0181 - mse: 0.0181 - val_loss: 0.0162 - val_mse: 0.0162
Epoch 13/75
35/35 - 0s - loss: 0.0165 - mse: 0.0165 - val_loss: 0.0148 - val_mse: 0.0148
Epoch 14/75
35/35 - 0s - loss: 0.0150 - mse: 0.0150 - val_loss: 0.0136 - val_mse: 0.0136
Epoch 15/75
35/35 - 0s - loss: 0.0139 - mse: 0.0139 - val_loss: 0.0125 - val_mse: 0.0125
Epoch 16/75
35/35 - 0s - loss: 0.0129 - mse: 0.0129 - val_loss: 0.0119 - val_mse: 0.0119
Epoch 17/75
35/35 - 0s - loss: 0.0120 - mse: 0.0120 - val_loss: 0.0110 - val_mse: 0.0110
Epoch 18/75
35/35 - 0s - loss: 0.0112 - mse: 0.0112 - val_loss: 0.0105 - val_mse: 0.0105
Epoch 19/75
35/35 - 0s - loss: 0.0106 - mse: 0.0106 - val_loss: 0.0099 - val_mse: 0.0099
Epoch 20/75
35/35 - 0s - loss: 0.0100 - mse: 0.0100 - val_loss: 0.0095 - val_mse: 0.0095
Epoch 21/75
35/35 - 0s - loss: 0.0095 - mse: 0.0095 - val_loss: 0.0091 - val_mse: 0.0091
Epoch 22/75
35/35 - 0s - loss: 0.0090 - mse: 0.0090 - val_loss: 0.0087 - val_mse: 0.0087
Epoch 23/75
35/35 - 0s - loss: 0.0086 - mse: 0.0086 - val_loss: 0.0084 - val_mse: 0.0084
Epoch 24/75
35/35 - 0s - loss: 0.0082 - mse: 0.0082 - val_loss: 0.0081 - val_mse: 0.0081
Epoch 25/75
35/35 - 0s - loss: 0.0079 - mse: 0.0079 - val_loss: 0.0079 - val_mse: 0.0079
Epoch 26/75
35/35 - 0s - loss: 0.0076 - mse: 0.0076 - val_loss: 0.0077 - val_mse: 0.0077
Epoch 27/75
35/35 - 0s - loss: 0.0074 - mse: 0.0074 - val_loss: 0.0075 - val_mse: 0.0075
Epoch 28/75
35/35 - 0s - loss: 0.0071 - mse: 0.0071 - val_loss: 0.0074 - val_mse: 0.0074
Epoch 29/75
35/35 - 0s - loss: 0.0069 - mse: 0.0069 - val_loss: 0.0072 - val_mse: 0.0072
Epoch 30/75
35/35 - 0s - loss: 0.0067 - mse: 0.0067 - val_loss: 0.0071 - val_mse: 0.0071
Epoch 31/75
35/35 - 0s - loss: 0.0065 - mse: 0.0065 - val_loss: 0.0070 - val_mse: 0.0070
Epoch 32/75
35/35 - 0s - loss: 0.0064 - mse: 0.0064 - val_loss: 0.0069 - val_mse: 0.0069
Epoch 33/75
35/35 - 0s - loss: 0.0063 - mse: 0.0063 - val_loss: 0.0068 - val_mse: 0.0068
Epoch 34/75
35/35 - 0s - loss: 0.0061 - mse: 0.0061 - val_loss: 0.0067 - val_mse: 0.0067
Epoch 35/75
35/35 - 0s - loss: 0.0060 - mse: 0.0060 - val_loss: 0.0066 - val_mse: 0.0066
Epoch 36/75
35/35 - 0s - loss: 0.0059 - mse: 0.0059 - val_loss: 0.0066 - val_mse: 0.0066
Epoch 37/75
35/35 - 0s - loss: 0.0058 - mse: 0.0058 - val_loss: 0.0065 - val_mse: 0.0065
Epoch 38/75
35/35 - 0s - loss: 0.0057 - mse: 0.0057 - val_loss: 0.0065 - val_mse: 0.0065
Epoch 39/75
35/35 - 0s - loss: 0.0056 - mse: 0.0056 - val_loss: 0.0064 - val_mse: 0.0064
Epoch 40/75
35/35 - 0s - loss: 0.0055 - mse: 0.0055 - val_loss: 0.0063 - val_mse: 0.0063
Epoch 41/75
35/35 - 0s - loss: 0.0054 - mse: 0.0054 - val_loss: 0.0063 - val_mse: 0.0063
Epoch 42/75
35/35 - 0s - loss: 0.0054 - mse: 0.0054 - val_loss: 0.0062 - val_mse: 0.0062
Epoch 43/75
35/35 - 0s - loss: 0.0053 - mse: 0.0053 - val_loss: 0.0062 - val_mse: 0.0062
Epoch 44/75
35/35 - 0s - loss: 0.0052 - mse: 0.0052 - val_loss: 0.0062 - val_mse: 0.0062
Epoch 45/75
35/35 - 0s - loss: 0.0052 - mse: 0.0052 - val_loss: 0.0061 - val_mse: 0.0061
Epoch 46/75
35/35 - 0s - loss: 0.0051 - mse: 0.0051 - val_loss: 0.0061 - val_mse: 0.0061
Epoch 47/75
35/35 - 0s - loss: 0.0051 - mse: 0.0051 - val_loss: 0.0061 - val_mse: 0.0061
Epoch 48/75
35/35 - 0s - loss: 0.0050 - mse: 0.0050 - val_loss: 0.0061 - val_mse: 0.0061
Epoch 49/75
35/35 - 0s - loss: 0.0050 - mse: 0.0050 - val_loss: 0.0060 - val_mse: 0.0060
Epoch 50/75
35/35 - 0s - loss: 0.0050 - mse: 0.0050 - val_loss: 0.0060 - val_mse: 0.0060
Epoch 51/75
35/35 - 0s - loss: 0.0049 - mse: 0.0049 - val_loss: 0.0060 - val_mse: 0.0060
Epoch 52/75
35/35 - 0s - loss: 0.0049 - mse: 0.0049 - val_loss: 0.0059 - val_mse: 0.0059
Epoch 53/75
35/35 - 0s - loss: 0.0048 - mse: 0.0048 - val_loss: 0.0059 - val_mse: 0.0059
Epoch 54/75
35/35 - 0s - loss: 0.0048 - mse: 0.0048 - val_loss: 0.0060 - val_mse: 0.0060
Epoch 55/75
35/35 - 0s - loss: 0.0048 - mse: 0.0048 - val_loss: 0.0059 - val_mse: 0.0059
Epoch 56/75
35/35 - 0s - loss: 0.0048 - mse: 0.0048 - val_loss: 0.0059 - val_mse: 0.0059
Epoch 57/75
35/35 - 0s - loss: 0.0047 - mse: 0.0047 - val_loss: 0.0059 - val_mse: 0.0059
Epoch 58/75
35/35 - 0s - loss: 0.0047 - mse: 0.0047 - val_loss: 0.0059 - val_mse: 0.0059
Epoch 59/75
35/35 - 0s - loss: 0.0047 - mse: 0.0047 - val_loss: 0.0059 - val_mse: 0.0059
Epoch 60/75
35/35 - 0s - loss: 0.0046 - mse: 0.0046 - val_loss: 0.0058 - val_mse: 0.0058
Epoch 61/75
35/35 - 0s - loss: 0.0046 - mse: 0.0046 - val_loss: 0.0058 - val_mse: 0.0058
Epoch 62/75
35/35 - 0s - loss: 0.0046 - mse: 0.0046 - val_loss: 0.0058 - val_mse: 0.0058
Epoch 63/75
35/35 - 0s - loss: 0.0046 - mse: 0.0046 - val_loss: 0.0058 - val_mse: 0.0058
Epoch 64/75
35/35 - 0s - loss: 0.0046 - mse: 0.0046 - val_loss: 0.0058 - val_mse: 0.0058
Epoch 65/75
35/35 - 0s - loss: 0.0045 - mse: 0.0045 - val_loss: 0.0057 - val_mse: 0.0057
Epoch 66/75
35/35 - 0s - loss: 0.0045 - mse: 0.0045 - val_loss: 0.0057 - val_mse: 0.0057
Epoch 67/75
35/35 - 0s - loss: 0.0045 - mse: 0.0045 - val_loss: 0.0057 - val_mse: 0.0057
Epoch 68/75
35/35 - 0s - loss: 0.0045 - mse: 0.0045 - val_loss: 0.0057 - val_mse: 0.0057
Epoch 69/75
35/35 - 0s - loss: 0.0045 - mse: 0.0045 - val_loss: 0.0057 - val_mse: 0.0057
Epoch 70/75
35/35 - 0s - loss: 0.0045 - mse: 0.0045 - val_loss: 0.0057 - val_mse: 0.0057
Epoch 71/75
35/35 - 0s - loss: 0.0044 - mse: 0.0044 - val_loss: 0.0057 - val_mse: 0.0057
Epoch 72/75
35/35 - 0s - loss: 0.0044 - mse: 0.0044 - val_loss: 0.0057 - val_mse: 0.0057
Epoch 73/75
35/35 - 0s - loss: 0.0044 - mse: 0.0044 - val_loss: 0.0057 - val_mse: 0.0057
Epoch 74/75
35/35 - 0s - loss: 0.0044 - mse: 0.0044 - val_loss: 0.0057 - val_mse: 0.0057
Epoch 75/75
35/35 - 0s - loss: 0.0044 - mse: 0.0044 - val_loss: 0.0057 - val_mse: 0.0057
...analysing 3th feature...
Epoch 1/75
35/35 - 0s - loss: 0.1465 - mse: 0.1465 - val_loss: 0.0649 - val_mse: 0.0649
Epoch 2/75
35/35 - 0s - loss: 0.0530 - mse: 0.0530 - val_loss: 0.0485 - val_mse: 0.0485
Epoch 3/75
35/35 - 0s - loss: 0.0374 - mse: 0.0374 - val_loss: 0.0376 - val_mse: 0.0376
Epoch 4/75
35/35 - 0s - loss: 0.0282 - mse: 0.0282 - val_loss: 0.0307 - val_mse: 0.0307
Epoch 5/75
35/35 - 0s - loss: 0.0220 - mse: 0.0220 - val_loss: 0.0259 - val_mse: 0.0259
Epoch 6/75
35/35 - 0s - loss: 0.0184 - mse: 0.0184 - val_loss: 0.0229 - val_mse: 0.0229
Epoch 7/75
35/35 - 0s - loss: 0.0161 - mse: 0.0161 - val_loss: 0.0209 - val_mse: 0.0209
Epoch 8/75
35/35 - 0s - loss: 0.0145 - mse: 0.0145 - val_loss: 0.0191 - val_mse: 0.0191
Epoch 9/75
35/35 - 0s - loss: 0.0137 - mse: 0.0137 - val_loss: 0.0185 - val_mse: 0.0185
Epoch 10/75
35/35 - 0s - loss: 0.0129 - mse: 0.0129 - val_loss: 0.0177 - val_mse: 0.0177
Epoch 11/75
35/35 - 0s - loss: 0.0123 - mse: 0.0123 - val_loss: 0.0172 - val_mse: 0.0172
Epoch 12/75
35/35 - 0s - loss: 0.0117 - mse: 0.0117 - val_loss: 0.0172 - val_mse: 0.0172
Epoch 13/75
35/35 - 0s - loss: 0.0113 - mse: 0.0113 - val_loss: 0.0167 - val_mse: 0.0167
Epoch 14/75
35/35 - 0s - loss: 0.0109 - mse: 0.0109 - val_loss: 0.0166 - val_mse: 0.0166
Epoch 15/75
35/35 - 0s - loss: 0.0106 - mse: 0.0106 - val_loss: 0.0162 - val_mse: 0.0162
Epoch 16/75
35/35 - 0s - loss: 0.0103 - mse: 0.0103 - val_loss: 0.0159 - val_mse: 0.0159
Epoch 17/75
35/35 - 0s - loss: 0.0100 - mse: 0.0100 - val_loss: 0.0156 - val_mse: 0.0156
Epoch 18/75
35/35 - 0s - loss: 0.0097 - mse: 0.0097 - val_loss: 0.0157 - val_mse: 0.0157
Epoch 19/75
35/35 - 0s - loss: 0.0095 - mse: 0.0095 - val_loss: 0.0153 - val_mse: 0.0153
Epoch 20/75
35/35 - 0s - loss: 0.0092 - mse: 0.0092 - val_loss: 0.0150 - val_mse: 0.0150
Epoch 21/75
35/35 - 0s - loss: 0.0090 - mse: 0.0090 - val_loss: 0.0149 - val_mse: 0.0149
Epoch 22/75
35/35 - 0s - loss: 0.0088 - mse: 0.0088 - val_loss: 0.0144 - val_mse: 0.0144
Epoch 23/75
35/35 - 0s - loss: 0.0086 - mse: 0.0086 - val_loss: 0.0141 - val_mse: 0.0141
Epoch 24/75
35/35 - 0s - loss: 0.0084 - mse: 0.0084 - val_loss: 0.0140 - val_mse: 0.0140
Epoch 25/75
35/35 - 0s - loss: 0.0083 - mse: 0.0083 - val_loss: 0.0141 - val_mse: 0.0141
Epoch 26/75
35/35 - 0s - loss: 0.0081 - mse: 0.0081 - val_loss: 0.0136 - val_mse: 0.0136
Epoch 27/75
35/35 - 0s - loss: 0.0080 - mse: 0.0080 - val_loss: 0.0134 - val_mse: 0.0134
Epoch 28/75
35/35 - 0s - loss: 0.0078 - mse: 0.0078 - val_loss: 0.0132 - val_mse: 0.0132
Epoch 29/75
35/35 - 0s - loss: 0.0077 - mse: 0.0077 - val_loss: 0.0131 - val_mse: 0.0131
Epoch 30/75
35/35 - 0s - loss: 0.0076 - mse: 0.0076 - val_loss: 0.0131 - val_mse: 0.0131
Epoch 31/75
35/35 - 0s - loss: 0.0074 - mse: 0.0074 - val_loss: 0.0130 - val_mse: 0.0130
Epoch 32/75
35/35 - 0s - loss: 0.0073 - mse: 0.0073 - val_loss: 0.0127 - val_mse: 0.0127
Epoch 33/75
35/35 - 0s - loss: 0.0072 - mse: 0.0072 - val_loss: 0.0125 - val_mse: 0.0125
Epoch 34/75
35/35 - 0s - loss: 0.0070 - mse: 0.0070 - val_loss: 0.0123 - val_mse: 0.0123
Epoch 35/75
35/35 - 0s - loss: 0.0069 - mse: 0.0069 - val_loss: 0.0123 - val_mse: 0.0123
Epoch 36/75
35/35 - 0s - loss: 0.0068 - mse: 0.0068 - val_loss: 0.0121 - val_mse: 0.0121
Epoch 37/75
35/35 - 0s - loss: 0.0067 - mse: 0.0067 - val_loss: 0.0119 - val_mse: 0.0119
Epoch 38/75
35/35 - 0s - loss: 0.0066 - mse: 0.0066 - val_loss: 0.0119 - val_mse: 0.0119
Epoch 39/75
35/35 - 0s - loss: 0.0065 - mse: 0.0065 - val_loss: 0.0115 - val_mse: 0.0115
Epoch 40/75
35/35 - 0s - loss: 0.0064 - mse: 0.0064 - val_loss: 0.0118 - val_mse: 0.0118
Epoch 41/75
35/35 - 0s - loss: 0.0064 - mse: 0.0064 - val_loss: 0.0113 - val_mse: 0.0113
Epoch 42/75
35/35 - 0s - loss: 0.0063 - mse: 0.0063 - val_loss: 0.0114 - val_mse: 0.0114
Epoch 43/75
35/35 - 0s - loss: 0.0062 - mse: 0.0062 - val_loss: 0.0112 - val_mse: 0.0112
Epoch 44/75
35/35 - 0s - loss: 0.0061 - mse: 0.0061 - val_loss: 0.0110 - val_mse: 0.0110
Epoch 45/75
35/35 - 0s - loss: 0.0060 - mse: 0.0060 - val_loss: 0.0109 - val_mse: 0.0109
Epoch 46/75
35/35 - 0s - loss: 0.0060 - mse: 0.0060 - val_loss: 0.0109 - val_mse: 0.0109
Epoch 47/75
35/35 - 0s - loss: 0.0059 - mse: 0.0059 - val_loss: 0.0108 - val_mse: 0.0108
Epoch 48/75
35/35 - 0s - loss: 0.0058 - mse: 0.0058 - val_loss: 0.0108 - val_mse: 0.0108
Epoch 49/75
35/35 - 0s - loss: 0.0058 - mse: 0.0058 - val_loss: 0.0107 - val_mse: 0.0107
Epoch 50/75
35/35 - 0s - loss: 0.0057 - mse: 0.0057 - val_loss: 0.0106 - val_mse: 0.0106
Epoch 51/75
35/35 - 0s - loss: 0.0057 - mse: 0.0057 - val_loss: 0.0105 - val_mse: 0.0105
Epoch 52/75
35/35 - 0s - loss: 0.0056 - mse: 0.0056 - val_loss: 0.0103 - val_mse: 0.0103
Epoch 53/75
35/35 - 0s - loss: 0.0056 - mse: 0.0056 - val_loss: 0.0102 - val_mse: 0.0102
Epoch 54/75
35/35 - 0s - loss: 0.0055 - mse: 0.0055 - val_loss: 0.0102 - val_mse: 0.0102
Epoch 55/75
35/35 - 0s - loss: 0.0055 - mse: 0.0055 - val_loss: 0.0101 - val_mse: 0.0101
Epoch 56/75
35/35 - 0s - loss: 0.0054 - mse: 0.0054 - val_loss: 0.0099 - val_mse: 0.0099
Epoch 57/75
35/35 - 0s - loss: 0.0054 - mse: 0.0054 - val_loss: 0.0099 - val_mse: 0.0099
Epoch 58/75
35/35 - 0s - loss: 0.0053 - mse: 0.0053 - val_loss: 0.0099 - val_mse: 0.0099
Epoch 59/75
35/35 - 0s - loss: 0.0053 - mse: 0.0053 - val_loss: 0.0098 - val_mse: 0.0098
Epoch 60/75
35/35 - 0s - loss: 0.0052 - mse: 0.0052 - val_loss: 0.0098 - val_mse: 0.0098
Epoch 61/75
35/35 - 0s - loss: 0.0052 - mse: 0.0052 - val_loss: 0.0097 - val_mse: 0.0097
Epoch 62/75
35/35 - 0s - loss: 0.0052 - mse: 0.0052 - val_loss: 0.0096 - val_mse: 0.0096
Epoch 63/75
35/35 - 0s - loss: 0.0051 - mse: 0.0051 - val_loss: 0.0095 - val_mse: 0.0095
Epoch 64/75
35/35 - 0s - loss: 0.0051 - mse: 0.0051 - val_loss: 0.0095 - val_mse: 0.0095
Epoch 65/75
35/35 - 0s - loss: 0.0050 - mse: 0.0050 - val_loss: 0.0093 - val_mse: 0.0093
Epoch 66/75
35/35 - 0s - loss: 0.0050 - mse: 0.0050 - val_loss: 0.0091 - val_mse: 0.0091
Epoch 67/75
35/35 - 0s - loss: 0.0050 - mse: 0.0050 - val_loss: 0.0093 - val_mse: 0.0093
Epoch 68/75
35/35 - 0s - loss: 0.0049 - mse: 0.0049 - val_loss: 0.0093 - val_mse: 0.0093
Epoch 69/75
35/35 - 0s - loss: 0.0049 - mse: 0.0049 - val_loss: 0.0092 - val_mse: 0.0092
Epoch 70/75
35/35 - 0s - loss: 0.0049 - mse: 0.0049 - val_loss: 0.0091 - val_mse: 0.0091
Epoch 71/75
35/35 - 0s - loss: 0.0048 - mse: 0.0048 - val_loss: 0.0090 - val_mse: 0.0090
Epoch 72/75
35/35 - 0s - loss: 0.0048 - mse: 0.0048 - val_loss: 0.0089 - val_mse: 0.0089
Epoch 73/75
35/35 - 0s - loss: 0.0048 - mse: 0.0048 - val_loss: 0.0089 - val_mse: 0.0089
Epoch 74/75
35/35 - 0s - loss: 0.0047 - mse: 0.0047 - val_loss: 0.0090 - val_mse: 0.0090
Epoch 75/75
35/35 - 0s - loss: 0.0047 - mse: 0.0047 - val_loss: 0.0089 - val_mse: 0.0089
...analysing 4th feature...
Epoch 1/75
35/35 - 0s - loss: 0.3980 - mse: 0.3980 - val_loss: 0.1329 - val_mse: 0.1329
Epoch 2/75
35/35 - 0s - loss: 0.0794 - mse: 0.0794 - val_loss: 0.0708 - val_mse: 0.0708
Epoch 3/75
35/35 - 0s - loss: 0.0486 - mse: 0.0486 - val_loss: 0.0512 - val_mse: 0.0512
Epoch 4/75
35/35 - 0s - loss: 0.0364 - mse: 0.0364 - val_loss: 0.0407 - val_mse: 0.0407
Epoch 5/75
35/35 - 0s - loss: 0.0291 - mse: 0.0291 - val_loss: 0.0343 - val_mse: 0.0343
Epoch 6/75
35/35 - 0s - loss: 0.0245 - mse: 0.0245 - val_loss: 0.0301 - val_mse: 0.0301
Epoch 7/75
35/35 - 0s - loss: 0.0213 - mse: 0.0213 - val_loss: 0.0267 - val_mse: 0.0267
Epoch 8/75
35/35 - 0s - loss: 0.0189 - mse: 0.0189 - val_loss: 0.0243 - val_mse: 0.0243
Epoch 9/75
35/35 - 0s - loss: 0.0172 - mse: 0.0172 - val_loss: 0.0231 - val_mse: 0.0231
Epoch 10/75
35/35 - 0s - loss: 0.0160 - mse: 0.0160 - val_loss: 0.0215 - val_mse: 0.0215
Epoch 11/75
35/35 - 0s - loss: 0.0149 - mse: 0.0149 - val_loss: 0.0206 - val_mse: 0.0206
Epoch 12/75
35/35 - 0s - loss: 0.0141 - mse: 0.0141 - val_loss: 0.0201 - val_mse: 0.0201
Epoch 13/75
35/35 - 0s - loss: 0.0134 - mse: 0.0134 - val_loss: 0.0187 - val_mse: 0.0187
Epoch 14/75
35/35 - 0s - loss: 0.0129 - mse: 0.0129 - val_loss: 0.0182 - val_mse: 0.0182
Epoch 15/75
35/35 - 0s - loss: 0.0123 - mse: 0.0123 - val_loss: 0.0185 - val_mse: 0.0185
Epoch 16/75
35/35 - 0s - loss: 0.0120 - mse: 0.0120 - val_loss: 0.0172 - val_mse: 0.0172
Epoch 17/75
35/35 - 0s - loss: 0.0116 - mse: 0.0116 - val_loss: 0.0168 - val_mse: 0.0168
Epoch 18/75
35/35 - 0s - loss: 0.0113 - mse: 0.0113 - val_loss: 0.0168 - val_mse: 0.0168
Epoch 19/75
35/35 - 0s - loss: 0.0109 - mse: 0.0109 - val_loss: 0.0161 - val_mse: 0.0161
Epoch 20/75
35/35 - 0s - loss: 0.0107 - mse: 0.0107 - val_loss: 0.0158 - val_mse: 0.0158
Epoch 21/75
35/35 - 0s - loss: 0.0104 - mse: 0.0104 - val_loss: 0.0159 - val_mse: 0.0159
Epoch 22/75
35/35 - 0s - loss: 0.0102 - mse: 0.0102 - val_loss: 0.0155 - val_mse: 0.0155
Epoch 23/75
35/35 - 0s - loss: 0.0100 - mse: 0.0100 - val_loss: 0.0151 - val_mse: 0.0151
Epoch 24/75
35/35 - 0s - loss: 0.0098 - mse: 0.0098 - val_loss: 0.0147 - val_mse: 0.0147
Epoch 25/75
35/35 - 0s - loss: 0.0097 - mse: 0.0097 - val_loss: 0.0147 - val_mse: 0.0147
Epoch 26/75
35/35 - 0s - loss: 0.0095 - mse: 0.0095 - val_loss: 0.0144 - val_mse: 0.0144
Epoch 27/75
35/35 - 0s - loss: 0.0094 - mse: 0.0094 - val_loss: 0.0140 - val_mse: 0.0140
Epoch 28/75
35/35 - 0s - loss: 0.0091 - mse: 0.0091 - val_loss: 0.0143 - val_mse: 0.0143
Epoch 29/75
35/35 - 0s - loss: 0.0090 - mse: 0.0090 - val_loss: 0.0137 - val_mse: 0.0137
Epoch 30/75
35/35 - 0s - loss: 0.0089 - mse: 0.0089 - val_loss: 0.0139 - val_mse: 0.0139
Epoch 31/75
35/35 - 0s - loss: 0.0088 - mse: 0.0088 - val_loss: 0.0138 - val_mse: 0.0138
Epoch 32/75
35/35 - 0s - loss: 0.0088 - mse: 0.0088 - val_loss: 0.0134 - val_mse: 0.0134
Epoch 33/75
35/35 - 0s - loss: 0.0085 - mse: 0.0085 - val_loss: 0.0134 - val_mse: 0.0134
Epoch 34/75
35/35 - 0s - loss: 0.0084 - mse: 0.0084 - val_loss: 0.0132 - val_mse: 0.0132
Epoch 35/75
35/35 - 0s - loss: 0.0083 - mse: 0.0083 - val_loss: 0.0132 - val_mse: 0.0132
Epoch 36/75
35/35 - 0s - loss: 0.0083 - mse: 0.0083 - val_loss: 0.0128 - val_mse: 0.0128
Epoch 37/75
35/35 - 0s - loss: 0.0081 - mse: 0.0081 - val_loss: 0.0133 - val_mse: 0.0133
Epoch 38/75
35/35 - 0s - loss: 0.0080 - mse: 0.0080 - val_loss: 0.0129 - val_mse: 0.0129
Epoch 39/75
35/35 - 0s - loss: 0.0079 - mse: 0.0079 - val_loss: 0.0126 - val_mse: 0.0126
Epoch 40/75
35/35 - 0s - loss: 0.0079 - mse: 0.0079 - val_loss: 0.0124 - val_mse: 0.0124
Epoch 41/75
35/35 - 0s - loss: 0.0078 - mse: 0.0078 - val_loss: 0.0124 - val_mse: 0.0124
Epoch 42/75
35/35 - 0s - loss: 0.0077 - mse: 0.0077 - val_loss: 0.0123 - val_mse: 0.0123
Epoch 43/75
35/35 - 0s - loss: 0.0077 - mse: 0.0077 - val_loss: 0.0121 - val_mse: 0.0121
Epoch 44/75
35/35 - 0s - loss: 0.0075 - mse: 0.0075 - val_loss: 0.0118 - val_mse: 0.0118
Epoch 45/75
35/35 - 0s - loss: 0.0076 - mse: 0.0076 - val_loss: 0.0118 - val_mse: 0.0118
Epoch 46/75
35/35 - 0s - loss: 0.0075 - mse: 0.0075 - val_loss: 0.0117 - val_mse: 0.0117
Epoch 47/75
35/35 - 0s - loss: 0.0074 - mse: 0.0074 - val_loss: 0.0118 - val_mse: 0.0118
Epoch 48/75
35/35 - 0s - loss: 0.0073 - mse: 0.0073 - val_loss: 0.0117 - val_mse: 0.0117
Epoch 49/75
35/35 - 0s - loss: 0.0072 - mse: 0.0072 - val_loss: 0.0115 - val_mse: 0.0115
Epoch 50/75
35/35 - 0s - loss: 0.0073 - mse: 0.0073 - val_loss: 0.0114 - val_mse: 0.0114
Epoch 51/75
35/35 - 0s - loss: 0.0071 - mse: 0.0071 - val_loss: 0.0119 - val_mse: 0.0119
Epoch 52/75
35/35 - 0s - loss: 0.0071 - mse: 0.0071 - val_loss: 0.0113 - val_mse: 0.0113
Epoch 53/75
35/35 - 0s - loss: 0.0071 - mse: 0.0071 - val_loss: 0.0113 - val_mse: 0.0113
Epoch 54/75
35/35 - 0s - loss: 0.0071 - mse: 0.0071 - val_loss: 0.0113 - val_mse: 0.0113
Epoch 55/75
35/35 - 0s - loss: 0.0069 - mse: 0.0069 - val_loss: 0.0112 - val_mse: 0.0112
Epoch 56/75
35/35 - 0s - loss: 0.0069 - mse: 0.0069 - val_loss: 0.0111 - val_mse: 0.0111
Epoch 57/75
35/35 - 0s - loss: 0.0068 - mse: 0.0068 - val_loss: 0.0114 - val_mse: 0.0114
Epoch 58/75
35/35 - 0s - loss: 0.0068 - mse: 0.0068 - val_loss: 0.0112 - val_mse: 0.0112
Epoch 59/75
35/35 - 0s - loss: 0.0068 - mse: 0.0068 - val_loss: 0.0110 - val_mse: 0.0110
Epoch 60/75
35/35 - 0s - loss: 0.0067 - mse: 0.0067 - val_loss: 0.0108 - val_mse: 0.0108
Epoch 61/75
35/35 - 0s - loss: 0.0067 - mse: 0.0067 - val_loss: 0.0110 - val_mse: 0.0110
Epoch 62/75
35/35 - 0s - loss: 0.0067 - mse: 0.0067 - val_loss: 0.0109 - val_mse: 0.0109
Epoch 63/75
35/35 - 0s - loss: 0.0066 - mse: 0.0066 - val_loss: 0.0108 - val_mse: 0.0108
Epoch 64/75
35/35 - 0s - loss: 0.0065 - mse: 0.0065 - val_loss: 0.0113 - val_mse: 0.0113
Epoch 65/75
35/35 - 0s - loss: 0.0065 - mse: 0.0065 - val_loss: 0.0108 - val_mse: 0.0108
Epoch 66/75
35/35 - 0s - loss: 0.0064 - mse: 0.0064 - val_loss: 0.0105 - val_mse: 0.0105
Epoch 67/75
35/35 - 0s - loss: 0.0065 - mse: 0.0065 - val_loss: 0.0107 - val_mse: 0.0107
Epoch 68/75
35/35 - 0s - loss: 0.0064 - mse: 0.0064 - val_loss: 0.0104 - val_mse: 0.0104
Epoch 69/75
35/35 - 0s - loss: 0.0064 - mse: 0.0064 - val_loss: 0.0106 - val_mse: 0.0106
Epoch 70/75
35/35 - 0s - loss: 0.0063 - mse: 0.0063 - val_loss: 0.0104 - val_mse: 0.0104
Epoch 71/75
35/35 - 0s - loss: 0.0063 - mse: 0.0063 - val_loss: 0.0103 - val_mse: 0.0103
Epoch 72/75
35/35 - 0s - loss: 0.0063 - mse: 0.0063 - val_loss: 0.0105 - val_mse: 0.0105
Epoch 73/75
35/35 - 0s - loss: 0.0062 - mse: 0.0062 - val_loss: 0.0102 - val_mse: 0.0102
Epoch 74/75
35/35 - 0s - loss: 0.0062 - mse: 0.0062 - val_loss: 0.0107 - val_mse: 0.0107
Epoch 75/75
35/35 - 0s - loss: 0.0062 - mse: 0.0062 - val_loss: 0.0103 - val_mse: 0.0103
...analysing 5th feature...
Epoch 1/75
35/35 - 0s - loss: 0.8159 - mse: 0.8159 - val_loss: 0.0717 - val_mse: 0.0717
Epoch 2/75
35/35 - 0s - loss: 0.0492 - mse: 0.0492 - val_loss: 0.0230 - val_mse: 0.0230
Epoch 3/75
35/35 - 0s - loss: 0.0288 - mse: 0.0288 - val_loss: 0.0184 - val_mse: 0.0184
Epoch 4/75
35/35 - 0s - loss: 0.0233 - mse: 0.0233 - val_loss: 0.0159 - val_mse: 0.0159
Epoch 5/75
35/35 - 0s - loss: 0.0197 - mse: 0.0197 - val_loss: 0.0142 - val_mse: 0.0142
Epoch 6/75
35/35 - 0s - loss: 0.0171 - mse: 0.0171 - val_loss: 0.0130 - val_mse: 0.0130
Epoch 7/75
35/35 - 0s - loss: 0.0151 - mse: 0.0151 - val_loss: 0.0120 - val_mse: 0.0120
Epoch 8/75
35/35 - 0s - loss: 0.0137 - mse: 0.0137 - val_loss: 0.0113 - val_mse: 0.0113
Epoch 9/75
35/35 - 0s - loss: 0.0126 - mse: 0.0126 - val_loss: 0.0107 - val_mse: 0.0107
Epoch 10/75
35/35 - 0s - loss: 0.0117 - mse: 0.0117 - val_loss: 0.0103 - val_mse: 0.0103
Epoch 11/75
35/35 - 0s - loss: 0.0110 - mse: 0.0110 - val_loss: 0.0100 - val_mse: 0.0100
Epoch 12/75
35/35 - 0s - loss: 0.0103 - mse: 0.0103 - val_loss: 0.0097 - val_mse: 0.0097
Epoch 13/75
35/35 - 0s - loss: 0.0099 - mse: 0.0099 - val_loss: 0.0095 - val_mse: 0.0095
Epoch 14/75
35/35 - 0s - loss: 0.0094 - mse: 0.0094 - val_loss: 0.0093 - val_mse: 0.0093
Epoch 15/75
35/35 - 0s - loss: 0.0091 - mse: 0.0091 - val_loss: 0.0091 - val_mse: 0.0091
Epoch 16/75
35/35 - 0s - loss: 0.0087 - mse: 0.0087 - val_loss: 0.0090 - val_mse: 0.0090
Epoch 17/75
35/35 - 0s - loss: 0.0085 - mse: 0.0085 - val_loss: 0.0088 - val_mse: 0.0088
Epoch 18/75
35/35 - 0s - loss: 0.0082 - mse: 0.0082 - val_loss: 0.0087 - val_mse: 0.0087
Epoch 19/75
35/35 - 0s - loss: 0.0080 - mse: 0.0080 - val_loss: 0.0086 - val_mse: 0.0086
Epoch 20/75
35/35 - 0s - loss: 0.0078 - mse: 0.0078 - val_loss: 0.0085 - val_mse: 0.0085
Epoch 21/75
35/35 - 0s - loss: 0.0076 - mse: 0.0076 - val_loss: 0.0084 - val_mse: 0.0084
Epoch 22/75
35/35 - 0s - loss: 0.0075 - mse: 0.0075 - val_loss: 0.0083 - val_mse: 0.0083
Epoch 23/75
35/35 - 0s - loss: 0.0073 - mse: 0.0073 - val_loss: 0.0082 - val_mse: 0.0082
Epoch 24/75
35/35 - 0s - loss: 0.0072 - mse: 0.0072 - val_loss: 0.0082 - val_mse: 0.0082
Epoch 25/75
35/35 - 0s - loss: 0.0071 - mse: 0.0071 - val_loss: 0.0081 - val_mse: 0.0081
Epoch 26/75
35/35 - 0s - loss: 0.0069 - mse: 0.0069 - val_loss: 0.0080 - val_mse: 0.0080
Epoch 27/75
35/35 - 0s - loss: 0.0068 - mse: 0.0068 - val_loss: 0.0080 - val_mse: 0.0080
Epoch 28/75
35/35 - 0s - loss: 0.0067 - mse: 0.0067 - val_loss: 0.0078 - val_mse: 0.0078
Epoch 29/75
35/35 - 0s - loss: 0.0066 - mse: 0.0066 - val_loss: 0.0077 - val_mse: 0.0077
Epoch 30/75
35/35 - 0s - loss: 0.0066 - mse: 0.0066 - val_loss: 0.0077 - val_mse: 0.0077
Epoch 31/75
35/35 - 0s - loss: 0.0065 - mse: 0.0065 - val_loss: 0.0076 - val_mse: 0.0076
Epoch 32/75
35/35 - 0s - loss: 0.0064 - mse: 0.0064 - val_loss: 0.0075 - val_mse: 0.0075
Epoch 33/75
35/35 - 0s - loss: 0.0063 - mse: 0.0063 - val_loss: 0.0076 - val_mse: 0.0076
Epoch 34/75
35/35 - 0s - loss: 0.0062 - mse: 0.0062 - val_loss: 0.0075 - val_mse: 0.0075
Epoch 35/75
35/35 - 0s - loss: 0.0062 - mse: 0.0062 - val_loss: 0.0074 - val_mse: 0.0074
Epoch 36/75
35/35 - 0s - loss: 0.0061 - mse: 0.0061 - val_loss: 0.0073 - val_mse: 0.0073
Epoch 37/75
35/35 - 0s - loss: 0.0060 - mse: 0.0060 - val_loss: 0.0072 - val_mse: 0.0072
Epoch 38/75
35/35 - 0s - loss: 0.0060 - mse: 0.0060 - val_loss: 0.0072 - val_mse: 0.0072
Epoch 39/75
35/35 - 0s - loss: 0.0059 - mse: 0.0059 - val_loss: 0.0072 - val_mse: 0.0072
Epoch 40/75
35/35 - 0s - loss: 0.0059 - mse: 0.0059 - val_loss: 0.0072 - val_mse: 0.0072
Epoch 41/75
35/35 - 0s - loss: 0.0058 - mse: 0.0058 - val_loss: 0.0071 - val_mse: 0.0071
Epoch 42/75
35/35 - 0s - loss: 0.0058 - mse: 0.0058 - val_loss: 0.0071 - val_mse: 0.0071
Epoch 43/75
35/35 - 0s - loss: 0.0057 - mse: 0.0057 - val_loss: 0.0071 - val_mse: 0.0071
Epoch 44/75
35/35 - 0s - loss: 0.0057 - mse: 0.0057 - val_loss: 0.0069 - val_mse: 0.0069
Epoch 45/75
35/35 - 0s - loss: 0.0056 - mse: 0.0056 - val_loss: 0.0070 - val_mse: 0.0070
Epoch 46/75
35/35 - 0s - loss: 0.0056 - mse: 0.0056 - val_loss: 0.0069 - val_mse: 0.0069
Epoch 47/75
35/35 - 0s - loss: 0.0055 - mse: 0.0055 - val_loss: 0.0069 - val_mse: 0.0069
Epoch 48/75
35/35 - 0s - loss: 0.0055 - mse: 0.0055 - val_loss: 0.0069 - val_mse: 0.0069
Epoch 49/75
35/35 - 0s - loss: 0.0055 - mse: 0.0055 - val_loss: 0.0068 - val_mse: 0.0068
Epoch 50/75
35/35 - 0s - loss: 0.0054 - mse: 0.0054 - val_loss: 0.0068 - val_mse: 0.0068
Epoch 51/75
35/35 - 0s - loss: 0.0054 - mse: 0.0054 - val_loss: 0.0068 - val_mse: 0.0068
Epoch 52/75
35/35 - 0s - loss: 0.0054 - mse: 0.0054 - val_loss: 0.0067 - val_mse: 0.0067
Epoch 53/75
35/35 - 0s - loss: 0.0053 - mse: 0.0053 - val_loss: 0.0067 - val_mse: 0.0067
Epoch 54/75
35/35 - 0s - loss: 0.0053 - mse: 0.0053 - val_loss: 0.0067 - val_mse: 0.0067
Epoch 55/75
35/35 - 0s - loss: 0.0052 - mse: 0.0052 - val_loss: 0.0066 - val_mse: 0.0066
Epoch 56/75
35/35 - 0s - loss: 0.0052 - mse: 0.0052 - val_loss: 0.0066 - val_mse: 0.0066
Epoch 57/75
35/35 - 0s - loss: 0.0052 - mse: 0.0052 - val_loss: 0.0066 - val_mse: 0.0066
Epoch 58/75
35/35 - 0s - loss: 0.0052 - mse: 0.0052 - val_loss: 0.0065 - val_mse: 0.0065
Epoch 59/75
35/35 - 0s - loss: 0.0051 - mse: 0.0051 - val_loss: 0.0065 - val_mse: 0.0065
Epoch 60/75
35/35 - 0s - loss: 0.0051 - mse: 0.0051 - val_loss: 0.0065 - val_mse: 0.0065
Epoch 61/75
35/35 - 0s - loss: 0.0051 - mse: 0.0051 - val_loss: 0.0065 - val_mse: 0.0065
Epoch 62/75
35/35 - 0s - loss: 0.0051 - mse: 0.0051 - val_loss: 0.0064 - val_mse: 0.0064
Epoch 63/75
35/35 - 0s - loss: 0.0050 - mse: 0.0050 - val_loss: 0.0064 - val_mse: 0.0064
Epoch 64/75
35/35 - 0s - loss: 0.0050 - mse: 0.0050 - val_loss: 0.0064 - val_mse: 0.0064
Epoch 65/75
35/35 - 0s - loss: 0.0050 - mse: 0.0050 - val_loss: 0.0063 - val_mse: 0.0063
Epoch 66/75
35/35 - 0s - loss: 0.0050 - mse: 0.0050 - val_loss: 0.0063 - val_mse: 0.0063
Epoch 67/75
35/35 - 0s - loss: 0.0050 - mse: 0.0050 - val_loss: 0.0063 - val_mse: 0.0063
Epoch 68/75
35/35 - 0s - loss: 0.0049 - mse: 0.0049 - val_loss: 0.0063 - val_mse: 0.0063
Epoch 69/75
35/35 - 0s - loss: 0.0049 - mse: 0.0049 - val_loss: 0.0062 - val_mse: 0.0062
Epoch 70/75
35/35 - 0s - loss: 0.0049 - mse: 0.0049 - val_loss: 0.0063 - val_mse: 0.0063
Epoch 71/75
35/35 - 0s - loss: 0.0049 - mse: 0.0049 - val_loss: 0.0062 - val_mse: 0.0062
Epoch 72/75
35/35 - 0s - loss: 0.0048 - mse: 0.0048 - val_loss: 0.0062 - val_mse: 0.0062
Epoch 73/75
35/35 - 0s - loss: 0.0048 - mse: 0.0048 - val_loss: 0.0062 - val_mse: 0.0062
Epoch 74/75
35/35 - 0s - loss: 0.0048 - mse: 0.0048 - val_loss: 0.0062 - val_mse: 0.0062
Epoch 75/75
35/35 - 0s - loss: 0.0048 - mse: 0.0048 - val_loss: 0.0062 - val_mse: 0.0062
completed 1 runs before breaking
...BEST MSES...
 [0.00524239931255579]
...BEST IDXS...
 [4]
...ALL MSES...
 [[0.009389375895261764, 0.0074118395335972306, 0.006762133073061704, 0.009239505045115948, 0.00524239931255579, 0.005894836969673634, 0.008356157317757606], [0.008462312258780002, 0.008873910270631313, 0.0056997033767402176, 0.008941101469099521, 0.010408884845674038, 0.00621250867843628]]
